20/02/2025 15:25:50.080 - INFO - Logger initialized
20/02/2025 15:25:50.096 - DEBUG - Successfully logged into MT5 account: 5033797116
20/02/2025 15:25:50.096 - INFO - Successfully initialized MT5API.
20/02/2025 15:25:50.096 - INFO - Starting run for EURUSD
20/02/2025 15:25:50.096 - INFO - Configured run with: 5min tick interval,  EURUSD FX rate, 90min horizon and 1M historical data
20/02/2025 15:25:50.132 - INFO - Fetching market data from MT5 API for EURUSD from 2025-01-19 14:25:50.132521+00:00 to 2025-02-19 14:25:50.132521+00:00.
20/02/2025 15:25:50.149 - INFO - Market data successfully retrieved from MT5 API.
20/02/2025 15:25:50.150 - INFO - Actual date range: 2025-01-21 to 2025-02-20
20/02/2025 15:25:50.155 - INFO - Computing EURUSD high and low windows for: 2025-01-21
20/02/2025 15:25:50.156 - INFO - Trading day: 2025-01-21 09:00:00+00:00 to 2025-01-22 09:00:00+00:00 ETC/UTC
20/02/2025 15:25:50.231 - DEBUG - For 2025-01-21 found 44 windows containing the high
20/02/2025 15:25:50.231 - DEBUG - For 2025-01-21, found 58 windows containing the low
20/02/2025 15:25:50.231 - DEBUG - For 2025-01-21, found 102 windows containing the low or high
20/02/2025 15:25:50.231 - INFO - Computing EURUSD high and low windows for: 2025-01-22
20/02/2025 15:25:50.231 - INFO - Trading day: 2025-01-22 09:00:00+00:00 to 2025-01-23 09:00:00+00:00 ETC/UTC
20/02/2025 15:25:50.328 - DEBUG - For 2025-01-22 found 34 windows containing the high
20/02/2025 15:25:50.328 - DEBUG - For 2025-01-22, found 30 windows containing the low
20/02/2025 15:25:50.330 - DEBUG - For 2025-01-22, found 64 windows containing the low or high
20/02/2025 15:25:50.331 - INFO - Computing EURUSD high and low windows for: 2025-01-23
20/02/2025 15:25:50.331 - INFO - Trading day: 2025-01-23 09:00:00+00:00 to 2025-01-24 09:00:00+00:00 ETC/UTC
20/02/2025 15:25:50.412 - DEBUG - For 2025-01-23 found 6 windows containing the high
20/02/2025 15:25:50.412 - DEBUG - For 2025-01-23, found 19 windows containing the low
20/02/2025 15:25:50.413 - DEBUG - For 2025-01-23, found 25 windows containing the low or high
20/02/2025 15:25:50.413 - INFO - Computing EURUSD high and low windows for: 2025-01-24
20/02/2025 15:25:50.414 - INFO - Trading day: 2025-01-24 09:00:00+00:00 to 2025-01-25 09:00:00+00:00 ETC/UTC
20/02/2025 15:25:50.494 - DEBUG - For 2025-01-24 found 41 windows containing the high
20/02/2025 15:25:50.497 - DEBUG - For 2025-01-24, found 9 windows containing the low
20/02/2025 15:25:50.497 - DEBUG - For 2025-01-24, found 50 windows containing the low or high
20/02/2025 15:25:50.497 - INFO - Computing EURUSD high and low windows for: 2025-01-27
20/02/2025 15:25:50.497 - INFO - Trading day: 2025-01-27 09:00:00+00:00 to 2025-01-28 09:00:00+00:00 ETC/UTC
20/02/2025 15:25:50.575 - DEBUG - For 2025-01-27 found 31 windows containing the high
20/02/2025 15:25:50.576 - DEBUG - For 2025-01-27, found 73 windows containing the low
20/02/2025 15:25:50.577 - DEBUG - For 2025-01-27, found 104 windows containing the low or high
20/02/2025 15:25:50.577 - INFO - Computing EURUSD high and low windows for: 2025-01-28
20/02/2025 15:25:50.579 - INFO - Trading day: 2025-01-28 09:00:00+00:00 to 2025-01-29 09:00:00+00:00 ETC/UTC
20/02/2025 15:25:50.648 - DEBUG - For 2025-01-28 found 97 windows containing the high
20/02/2025 15:25:50.650 - DEBUG - For 2025-01-28, found 32 windows containing the low
20/02/2025 15:25:50.652 - DEBUG - For 2025-01-28, found 128 windows containing the low or high
20/02/2025 15:25:50.652 - INFO - Computing EURUSD high and low windows for: 2025-01-29
20/02/2025 15:25:50.653 - INFO - Trading day: 2025-01-29 09:00:00+00:00 to 2025-01-30 09:00:00+00:00 ETC/UTC
20/02/2025 15:25:50.716 - DEBUG - For 2025-01-29 found 5 windows containing the high
20/02/2025 15:25:50.717 - DEBUG - For 2025-01-29, found 28 windows containing the low
20/02/2025 15:25:50.717 - DEBUG - For 2025-01-29, found 33 windows containing the low or high
20/02/2025 15:25:50.718 - INFO - Computing EURUSD high and low windows for: 2025-01-30
20/02/2025 15:25:50.718 - INFO - Trading day: 2025-01-30 09:00:00+00:00 to 2025-01-31 09:00:00+00:00 ETC/UTC
20/02/2025 15:25:50.778 - DEBUG - For 2025-01-30 found 19 windows containing the high
20/02/2025 15:25:50.779 - DEBUG - For 2025-01-30, found 38 windows containing the low
20/02/2025 15:25:50.780 - DEBUG - For 2025-01-30, found 57 windows containing the low or high
20/02/2025 15:25:50.780 - INFO - Computing EURUSD high and low windows for: 2025-01-31
20/02/2025 15:25:50.781 - INFO - Trading day: 2025-01-31 09:00:00+00:00 to 2025-02-01 09:00:00+00:00 ETC/UTC
20/02/2025 15:25:50.844 - DEBUG - For 2025-01-31 found 23 windows containing the high
20/02/2025 15:25:50.845 - DEBUG - For 2025-01-31, found 20 windows containing the low
20/02/2025 15:25:50.845 - DEBUG - For 2025-01-31, found 43 windows containing the low or high
20/02/2025 15:25:50.846 - INFO - Computing EURUSD high and low windows for: 2025-02-03
20/02/2025 15:25:50.848 - INFO - Trading day: 2025-02-03 09:00:00+00:00 to 2025-02-04 09:00:00+00:00 ETC/UTC
20/02/2025 15:25:50.922 - DEBUG - For 2025-02-03 found 38 windows containing the high
20/02/2025 15:25:50.923 - DEBUG - For 2025-02-03, found 15 windows containing the low
20/02/2025 15:25:50.924 - DEBUG - For 2025-02-03, found 53 windows containing the low or high
20/02/2025 15:25:50.924 - INFO - Computing EURUSD high and low windows for: 2025-02-04
20/02/2025 15:25:50.925 - INFO - Trading day: 2025-02-04 09:00:00+00:00 to 2025-02-05 09:00:00+00:00 ETC/UTC
20/02/2025 15:25:50.999 - DEBUG - For 2025-02-04 found 9 windows containing the high
20/02/2025 15:25:51.000 - DEBUG - For 2025-02-04, found 6 windows containing the low
20/02/2025 15:25:51.002 - DEBUG - For 2025-02-04, found 15 windows containing the low or high
20/02/2025 15:25:51.002 - INFO - Computing EURUSD high and low windows for: 2025-02-05
20/02/2025 15:25:51.002 - INFO - Trading day: 2025-02-05 09:00:00+00:00 to 2025-02-06 09:00:00+00:00 ETC/UTC
20/02/2025 15:25:51.075 - DEBUG - For 2025-02-05 found 19 windows containing the high
20/02/2025 15:25:51.076 - DEBUG - For 2025-02-05, found 31 windows containing the low
20/02/2025 15:25:51.077 - DEBUG - For 2025-02-05, found 50 windows containing the low or high
20/02/2025 15:25:51.077 - INFO - Computing EURUSD high and low windows for: 2025-02-06
20/02/2025 15:25:51.078 - INFO - Trading day: 2025-02-06 09:00:00+00:00 to 2025-02-07 09:00:00+00:00 ETC/UTC
20/02/2025 15:25:51.246 - DEBUG - For 2025-02-06 found 26 windows containing the high
20/02/2025 15:25:51.249 - DEBUG - For 2025-02-06, found 81 windows containing the low
20/02/2025 15:25:51.249 - DEBUG - For 2025-02-06, found 105 windows containing the low or high
20/02/2025 15:25:51.249 - INFO - Computing EURUSD high and low windows for: 2025-02-07
20/02/2025 15:25:51.249 - INFO - Trading day: 2025-02-07 09:00:00+00:00 to 2025-02-08 09:00:00+00:00 ETC/UTC
20/02/2025 15:25:51.331 - DEBUG - For 2025-02-07 found 19 windows containing the high
20/02/2025 15:25:51.331 - DEBUG - For 2025-02-07, found 19 windows containing the low
20/02/2025 15:25:51.331 - DEBUG - For 2025-02-07, found 38 windows containing the low or high
20/02/2025 15:25:51.331 - INFO - Computing EURUSD high and low windows for: 2025-02-10
20/02/2025 15:25:51.331 - INFO - Trading day: 2025-02-10 09:00:00+00:00 to 2025-02-11 09:00:00+00:00 ETC/UTC
20/02/2025 15:25:51.439 - DEBUG - For 2025-02-10 found 48 windows containing the high
20/02/2025 15:25:51.440 - DEBUG - For 2025-02-10, found 31 windows containing the low
20/02/2025 15:25:51.440 - DEBUG - For 2025-02-10, found 79 windows containing the low or high
20/02/2025 15:25:51.440 - INFO - Computing EURUSD high and low windows for: 2025-02-11
20/02/2025 15:25:51.441 - INFO - Trading day: 2025-02-11 09:00:00+00:00 to 2025-02-12 09:00:00+00:00 ETC/UTC
20/02/2025 15:25:51.520 - DEBUG - For 2025-02-11 found 19 windows containing the high
20/02/2025 15:25:51.520 - DEBUG - For 2025-02-11, found 17 windows containing the low
20/02/2025 15:25:51.520 - DEBUG - For 2025-02-11, found 36 windows containing the low or high
20/02/2025 15:25:51.520 - INFO - Computing EURUSD high and low windows for: 2025-02-12
20/02/2025 15:25:51.531 - INFO - Trading day: 2025-02-12 09:00:00+00:00 to 2025-02-13 09:00:00+00:00 ETC/UTC
20/02/2025 15:25:51.626 - DEBUG - For 2025-02-12 found 30 windows containing the high
20/02/2025 15:25:51.627 - DEBUG - For 2025-02-12, found 21 windows containing the low
20/02/2025 15:25:51.628 - DEBUG - For 2025-02-12, found 51 windows containing the low or high
20/02/2025 15:25:51.632 - INFO - Computing EURUSD high and low windows for: 2025-02-13
20/02/2025 15:25:51.633 - INFO - Trading day: 2025-02-13 09:00:00+00:00 to 2025-02-14 09:00:00+00:00 ETC/UTC
20/02/2025 15:25:51.708 - DEBUG - For 2025-02-13 found 101 windows containing the high
20/02/2025 15:25:51.709 - DEBUG - For 2025-02-13, found 38 windows containing the low
20/02/2025 15:25:51.710 - DEBUG - For 2025-02-13, found 139 windows containing the low or high
20/02/2025 15:25:51.710 - INFO - Computing EURUSD high and low windows for: 2025-02-14
20/02/2025 15:25:51.711 - INFO - Trading day: 2025-02-14 09:00:00+00:00 to 2025-02-15 09:00:00+00:00 ETC/UTC
20/02/2025 15:25:51.809 - DEBUG - For 2025-02-14 found 36 windows containing the high
20/02/2025 15:25:51.809 - DEBUG - For 2025-02-14, found 22 windows containing the low
20/02/2025 15:25:51.810 - DEBUG - For 2025-02-14, found 58 windows containing the low or high
20/02/2025 15:25:51.811 - INFO - Computing EURUSD high and low windows for: 2025-02-17
20/02/2025 15:25:51.811 - INFO - Trading day: 2025-02-17 09:00:00+00:00 to 2025-02-18 09:00:00+00:00 ETC/UTC
20/02/2025 15:25:51.885 - DEBUG - For 2025-02-17 found 7 windows containing the high
20/02/2025 15:25:51.885 - DEBUG - For 2025-02-17, found 30 windows containing the low
20/02/2025 15:25:51.886 - DEBUG - For 2025-02-17, found 37 windows containing the low or high
20/02/2025 15:25:51.887 - INFO - Computing EURUSD high and low windows for: 2025-02-18
20/02/2025 15:25:51.887 - INFO - Trading day: 2025-02-18 09:00:00+00:00 to 2025-02-19 09:00:00+00:00 ETC/UTC
20/02/2025 15:25:51.966 - DEBUG - For 2025-02-18 found 84 windows containing the high
20/02/2025 15:25:51.968 - DEBUG - For 2025-02-18, found 32 windows containing the low
20/02/2025 15:25:51.968 - DEBUG - For 2025-02-18, found 116 windows containing the low or high
20/02/2025 15:25:51.969 - INFO - Computing EURUSD high and low windows for: 2025-02-19
20/02/2025 15:25:51.970 - INFO - Trading day: 2025-02-19 09:00:00+00:00 to 2025-02-20 09:00:00+00:00 ETC/UTC
20/02/2025 15:25:52.046 - DEBUG - For 2025-02-19 found 16 windows containing the high
20/02/2025 15:25:52.049 - DEBUG - For 2025-02-19, found 41 windows containing the low
20/02/2025 15:25:52.050 - DEBUG - For 2025-02-19, found 57 windows containing the low or high
20/02/2025 15:25:52.054 - INFO - Computing EURUSD high and low windows for: 2025-02-20
20/02/2025 15:25:52.055 - INFO - Trading day: 2025-02-20 09:00:00+00:00 to 2025-02-21 09:00:00+00:00 ETC/UTC
20/02/2025 15:25:52.119 - DEBUG - For 2025-02-20 found 0 windows containing the high
20/02/2025 15:25:52.120 - DEBUG - For 2025-02-20, found 0 windows containing the low
20/02/2025 15:25:52.121 - DEBUG - For 2025-02-20, found 0 windows containing the low or high
20/02/2025 15:25:52.121 - INFO - Computing EURUSD high and low windows for: 2025-02-21
20/02/2025 15:25:52.121 - INFO - Trading day: 2025-02-21 09:00:00+00:00 to 2025-02-22 09:00:00+00:00 ETC/UTC
20/02/2025 15:25:52.176 - DEBUG - For 2025-02-21 found 0 windows containing the high
20/02/2025 15:25:52.177 - DEBUG - For 2025-02-21, found 0 windows containing the low
20/02/2025 15:25:52.177 - DEBUG - For 2025-02-21, found 0 windows containing the low or high
20/02/2025 15:25:52.185 - INFO - Exporting empirical distributions to csv
20/02/2025 15:25:52.194 - INFO - Starting run for USDJPY
20/02/2025 15:25:52.194 - INFO - Configured run with: 5min tick interval,  USDJPY FX rate, 90min horizon and 1M historical data
20/02/2025 15:25:52.195 - INFO - Fetching market data from MT5 API for USDJPY from 2025-01-19 14:25:52.195440+00:00 to 2025-02-19 14:25:52.195440+00:00.
20/02/2025 15:25:52.321 - INFO - Market data successfully retrieved from MT5 API.
20/02/2025 15:25:52.321 - INFO - Actual date range: 2025-01-21 to 2025-02-20
20/02/2025 15:25:52.329 - INFO - Computing USDJPY high and low windows for: 2025-01-21
20/02/2025 15:25:52.331 - INFO - Trading day: 2025-01-21 09:00:00+00:00 to 2025-01-22 09:00:00+00:00 ETC/UTC
20/02/2025 15:25:52.400 - DEBUG - For 2025-01-21 found 19 windows containing the high
20/02/2025 15:25:52.400 - DEBUG - For 2025-01-21, found 19 windows containing the low
20/02/2025 15:25:52.400 - DEBUG - For 2025-01-21, found 38 windows containing the low or high
20/02/2025 15:25:52.400 - INFO - Computing USDJPY high and low windows for: 2025-01-22
20/02/2025 15:25:52.400 - INFO - Trading day: 2025-01-22 09:00:00+00:00 to 2025-01-23 09:00:00+00:00 ETC/UTC
20/02/2025 15:25:52.488 - DEBUG - For 2025-01-22 found 19 windows containing the high
20/02/2025 15:25:52.489 - DEBUG - For 2025-01-22, found 19 windows containing the low
20/02/2025 15:25:52.489 - DEBUG - For 2025-01-22, found 38 windows containing the low or high
20/02/2025 15:25:52.490 - INFO - Computing USDJPY high and low windows for: 2025-01-23
20/02/2025 15:25:52.490 - INFO - Trading day: 2025-01-23 09:00:00+00:00 to 2025-01-24 09:00:00+00:00 ETC/UTC
20/02/2025 15:25:52.558 - DEBUG - For 2025-01-23 found 11 windows containing the high
20/02/2025 15:25:52.558 - DEBUG - For 2025-01-23, found 5 windows containing the low
20/02/2025 15:25:52.558 - DEBUG - For 2025-01-23, found 16 windows containing the low or high
20/02/2025 15:25:52.558 - INFO - Computing USDJPY high and low windows for: 2025-01-24
20/02/2025 15:25:52.558 - INFO - Trading day: 2025-01-24 09:00:00+00:00 to 2025-01-25 09:00:00+00:00 ETC/UTC
20/02/2025 15:25:52.631 - DEBUG - For 2025-01-24 found 19 windows containing the high
20/02/2025 15:25:52.632 - DEBUG - For 2025-01-24, found 18 windows containing the low
20/02/2025 15:25:52.633 - DEBUG - For 2025-01-24, found 37 windows containing the low or high
20/02/2025 15:25:52.633 - INFO - Computing USDJPY high and low windows for: 2025-01-27
20/02/2025 15:25:52.634 - INFO - Trading day: 2025-01-27 09:00:00+00:00 to 2025-01-28 09:00:00+00:00 ETC/UTC
20/02/2025 15:25:52.717 - DEBUG - For 2025-01-27 found 1 windows containing the high
20/02/2025 15:25:52.717 - DEBUG - For 2025-01-27, found 19 windows containing the low
20/02/2025 15:25:52.718 - DEBUG - For 2025-01-27, found 20 windows containing the low or high
20/02/2025 15:25:52.718 - INFO - Computing USDJPY high and low windows for: 2025-01-28
20/02/2025 15:25:52.719 - INFO - Trading day: 2025-01-28 09:00:00+00:00 to 2025-01-29 09:00:00+00:00 ETC/UTC
20/02/2025 15:25:52.786 - DEBUG - For 2025-01-28 found 11 windows containing the high
20/02/2025 15:25:52.787 - DEBUG - For 2025-01-28, found 14 windows containing the low
20/02/2025 15:25:52.787 - DEBUG - For 2025-01-28, found 25 windows containing the low or high
20/02/2025 15:25:52.787 - INFO - Computing USDJPY high and low windows for: 2025-01-29
20/02/2025 15:25:52.788 - INFO - Trading day: 2025-01-29 09:00:00+00:00 to 2025-01-30 09:00:00+00:00 ETC/UTC
20/02/2025 15:25:52.854 - DEBUG - For 2025-01-29 found 19 windows containing the high
20/02/2025 15:25:52.855 - DEBUG - For 2025-01-29, found 19 windows containing the low
20/02/2025 15:25:52.855 - DEBUG - For 2025-01-29, found 38 windows containing the low or high
20/02/2025 15:25:52.856 - INFO - Computing USDJPY high and low windows for: 2025-01-30
20/02/2025 15:25:52.856 - INFO - Trading day: 2025-01-30 09:00:00+00:00 to 2025-01-31 09:00:00+00:00 ETC/UTC
20/02/2025 15:25:52.917 - DEBUG - For 2025-01-30 found 11 windows containing the high
20/02/2025 15:25:52.917 - DEBUG - For 2025-01-30, found 19 windows containing the low
20/02/2025 15:25:52.917 - DEBUG - For 2025-01-30, found 30 windows containing the low or high
20/02/2025 15:25:52.917 - INFO - Computing USDJPY high and low windows for: 2025-01-31
20/02/2025 15:25:52.917 - INFO - Trading day: 2025-01-31 09:00:00+00:00 to 2025-02-01 09:00:00+00:00 ETC/UTC
20/02/2025 15:25:52.989 - DEBUG - For 2025-01-31 found 19 windows containing the high
20/02/2025 15:25:52.991 - DEBUG - For 2025-01-31, found 19 windows containing the low
20/02/2025 15:25:52.991 - DEBUG - For 2025-01-31, found 38 windows containing the low or high
20/02/2025 15:25:52.991 - INFO - Computing USDJPY high and low windows for: 2025-02-03
20/02/2025 15:25:52.991 - INFO - Trading day: 2025-02-03 09:00:00+00:00 to 2025-02-04 09:00:00+00:00 ETC/UTC
20/02/2025 15:25:53.064 - DEBUG - For 2025-02-03 found 14 windows containing the high
20/02/2025 15:25:53.065 - DEBUG - For 2025-02-03, found 19 windows containing the low
20/02/2025 15:25:53.065 - DEBUG - For 2025-02-03, found 33 windows containing the low or high
20/02/2025 15:25:53.066 - INFO - Computing USDJPY high and low windows for: 2025-02-04
20/02/2025 15:25:53.066 - INFO - Trading day: 2025-02-04 09:00:00+00:00 to 2025-02-05 09:00:00+00:00 ETC/UTC
20/02/2025 15:25:53.136 - DEBUG - For 2025-02-04 found 16 windows containing the high
20/02/2025 15:25:53.137 - DEBUG - For 2025-02-04, found 19 windows containing the low
20/02/2025 15:25:53.138 - DEBUG - For 2025-02-04, found 35 windows containing the low or high
20/02/2025 15:25:53.139 - INFO - Computing USDJPY high and low windows for: 2025-02-05
20/02/2025 15:25:53.139 - INFO - Trading day: 2025-02-05 09:00:00+00:00 to 2025-02-06 09:00:00+00:00 ETC/UTC
20/02/2025 15:25:53.218 - DEBUG - For 2025-02-05 found 18 windows containing the high
20/02/2025 15:25:53.219 - DEBUG - For 2025-02-05, found 19 windows containing the low
20/02/2025 15:25:53.220 - DEBUG - For 2025-02-05, found 37 windows containing the low or high
20/02/2025 15:25:53.220 - INFO - Computing USDJPY high and low windows for: 2025-02-06
20/02/2025 15:25:53.221 - INFO - Trading day: 2025-02-06 09:00:00+00:00 to 2025-02-07 09:00:00+00:00 ETC/UTC
20/02/2025 15:25:53.286 - DEBUG - For 2025-02-06 found 19 windows containing the high
20/02/2025 15:25:53.286 - DEBUG - For 2025-02-06, found 19 windows containing the low
20/02/2025 15:25:53.286 - DEBUG - For 2025-02-06, found 38 windows containing the low or high
20/02/2025 15:25:53.286 - INFO - Computing USDJPY high and low windows for: 2025-02-07
20/02/2025 15:25:53.286 - INFO - Trading day: 2025-02-07 09:00:00+00:00 to 2025-02-08 09:00:00+00:00 ETC/UTC
20/02/2025 15:25:53.365 - DEBUG - For 2025-02-07 found 19 windows containing the high
20/02/2025 15:25:53.367 - DEBUG - For 2025-02-07, found 19 windows containing the low
20/02/2025 15:25:53.367 - DEBUG - For 2025-02-07, found 38 windows containing the low or high
20/02/2025 15:25:53.368 - INFO - Computing USDJPY high and low windows for: 2025-02-10
20/02/2025 15:25:53.368 - INFO - Trading day: 2025-02-10 09:00:00+00:00 to 2025-02-11 09:00:00+00:00 ETC/UTC
20/02/2025 15:25:53.438 - DEBUG - For 2025-02-10 found 19 windows containing the high
20/02/2025 15:25:53.439 - DEBUG - For 2025-02-10, found 19 windows containing the low
20/02/2025 15:25:53.441 - DEBUG - For 2025-02-10, found 38 windows containing the low or high
20/02/2025 15:25:53.441 - INFO - Computing USDJPY high and low windows for: 2025-02-11
20/02/2025 15:25:53.441 - INFO - Trading day: 2025-02-11 09:00:00+00:00 to 2025-02-12 09:00:00+00:00 ETC/UTC
20/02/2025 15:25:53.525 - DEBUG - For 2025-02-11 found 19 windows containing the high
20/02/2025 15:25:53.525 - DEBUG - For 2025-02-11, found 19 windows containing the low
20/02/2025 15:25:53.525 - DEBUG - For 2025-02-11, found 38 windows containing the low or high
20/02/2025 15:25:53.525 - INFO - Computing USDJPY high and low windows for: 2025-02-12
20/02/2025 15:25:53.525 - INFO - Trading day: 2025-02-12 09:00:00+00:00 to 2025-02-13 09:00:00+00:00 ETC/UTC
20/02/2025 15:25:53.597 - DEBUG - For 2025-02-12 found 19 windows containing the high
20/02/2025 15:25:53.600 - DEBUG - For 2025-02-12, found 19 windows containing the low
20/02/2025 15:25:53.600 - DEBUG - For 2025-02-12, found 38 windows containing the low or high
20/02/2025 15:25:53.600 - INFO - Computing USDJPY high and low windows for: 2025-02-13
20/02/2025 15:25:53.600 - INFO - Trading day: 2025-02-13 09:00:00+00:00 to 2025-02-14 09:00:00+00:00 ETC/UTC
20/02/2025 15:25:53.667 - DEBUG - For 2025-02-13 found 13 windows containing the high
20/02/2025 15:25:53.667 - DEBUG - For 2025-02-13, found 4 windows containing the low
20/02/2025 15:25:53.667 - DEBUG - For 2025-02-13, found 17 windows containing the low or high
20/02/2025 15:25:53.680 - INFO - Computing USDJPY high and low windows for: 2025-02-14
20/02/2025 15:25:53.681 - INFO - Trading day: 2025-02-14 09:00:00+00:00 to 2025-02-15 09:00:00+00:00 ETC/UTC
20/02/2025 15:25:53.748 - DEBUG - For 2025-02-14 found 19 windows containing the high
20/02/2025 15:25:53.748 - DEBUG - For 2025-02-14, found 19 windows containing the low
20/02/2025 15:25:53.748 - DEBUG - For 2025-02-14, found 38 windows containing the low or high
20/02/2025 15:25:53.748 - INFO - Computing USDJPY high and low windows for: 2025-02-17
20/02/2025 15:25:53.748 - INFO - Trading day: 2025-02-17 09:00:00+00:00 to 2025-02-18 09:00:00+00:00 ETC/UTC
20/02/2025 15:25:53.815 - DEBUG - For 2025-02-17 found 19 windows containing the high
20/02/2025 15:25:53.830 - DEBUG - For 2025-02-17, found 19 windows containing the low
20/02/2025 15:25:53.831 - DEBUG - For 2025-02-17, found 38 windows containing the low or high
20/02/2025 15:25:53.831 - INFO - Computing USDJPY high and low windows for: 2025-02-18
20/02/2025 15:25:53.832 - INFO - Trading day: 2025-02-18 09:00:00+00:00 to 2025-02-19 09:00:00+00:00 ETC/UTC
20/02/2025 15:25:53.900 - DEBUG - For 2025-02-18 found 19 windows containing the high
20/02/2025 15:25:53.900 - DEBUG - For 2025-02-18, found 19 windows containing the low
20/02/2025 15:25:53.900 - DEBUG - For 2025-02-18, found 38 windows containing the low or high
20/02/2025 15:25:53.913 - INFO - Computing USDJPY high and low windows for: 2025-02-19
20/02/2025 15:25:53.913 - INFO - Trading day: 2025-02-19 09:00:00+00:00 to 2025-02-20 09:00:00+00:00 ETC/UTC
20/02/2025 15:25:53.988 - DEBUG - For 2025-02-19 found 19 windows containing the high
20/02/2025 15:25:53.988 - DEBUG - For 2025-02-19, found 19 windows containing the low
20/02/2025 15:25:53.988 - DEBUG - For 2025-02-19, found 38 windows containing the low or high
20/02/2025 15:25:53.988 - INFO - Computing USDJPY high and low windows for: 2025-02-20
20/02/2025 15:25:53.988 - INFO - Trading day: 2025-02-20 09:00:00+00:00 to 2025-02-21 09:00:00+00:00 ETC/UTC
20/02/2025 15:25:54.061 - DEBUG - For 2025-02-20 found 0 windows containing the high
20/02/2025 15:25:54.063 - DEBUG - For 2025-02-20, found 0 windows containing the low
20/02/2025 15:25:54.063 - DEBUG - For 2025-02-20, found 0 windows containing the low or high
20/02/2025 15:25:54.064 - INFO - Computing USDJPY high and low windows for: 2025-02-21
20/02/2025 15:25:54.065 - INFO - Trading day: 2025-02-21 09:00:00+00:00 to 2025-02-22 09:00:00+00:00 ETC/UTC
20/02/2025 15:25:54.117 - DEBUG - For 2025-02-21 found 0 windows containing the high
20/02/2025 15:25:54.117 - DEBUG - For 2025-02-21, found 0 windows containing the low
20/02/2025 15:25:54.117 - DEBUG - For 2025-02-21, found 0 windows containing the low or high
20/02/2025 15:25:54.128 - INFO - Exporting empirical distributions to csv
20/02/2025 15:25:54.136 - INFO - Starting run for EURGBP
20/02/2025 15:25:54.136 - INFO - Configured run with: 5min tick interval,  EURGBP FX rate, 90min horizon and 1M historical data
20/02/2025 15:25:54.136 - INFO - Fetching market data from MT5 API for EURGBP from 2025-01-19 14:25:54.136134+00:00 to 2025-02-19 14:25:54.136134+00:00.
20/02/2025 15:25:54.381 - INFO - Market data successfully retrieved from MT5 API.
20/02/2025 15:25:54.381 - INFO - Actual date range: 2025-01-21 to 2025-02-20
20/02/2025 15:25:54.390 - INFO - Computing EURGBP high and low windows for: 2025-01-21
20/02/2025 15:25:54.391 - INFO - Trading day: 2025-01-21 09:00:00+00:00 to 2025-01-22 09:00:00+00:00 ETC/UTC
20/02/2025 15:25:54.466 - DEBUG - For 2025-01-21 found 126 windows containing the high
20/02/2025 15:25:54.467 - DEBUG - For 2025-01-21, found 59 windows containing the low
20/02/2025 15:25:54.468 - DEBUG - For 2025-01-21, found 185 windows containing the low or high
20/02/2025 15:25:54.469 - INFO - Computing EURGBP high and low windows for: 2025-01-22
20/02/2025 15:25:54.469 - INFO - Trading day: 2025-01-22 09:00:00+00:00 to 2025-01-23 09:00:00+00:00 ETC/UTC
20/02/2025 15:25:54.534 - DEBUG - For 2025-01-22 found 38 windows containing the high
20/02/2025 15:25:54.534 - DEBUG - For 2025-01-22, found 88 windows containing the low
20/02/2025 15:25:54.534 - DEBUG - For 2025-01-22, found 117 windows containing the low or high
20/02/2025 15:25:54.534 - INFO - Computing EURGBP high and low windows for: 2025-01-23
20/02/2025 15:25:54.534 - INFO - Trading day: 2025-01-23 09:00:00+00:00 to 2025-01-24 09:00:00+00:00 ETC/UTC
20/02/2025 15:25:54.604 - DEBUG - For 2025-01-23 found 71 windows containing the high
20/02/2025 15:25:54.605 - DEBUG - For 2025-01-23, found 74 windows containing the low
20/02/2025 15:25:54.606 - DEBUG - For 2025-01-23, found 145 windows containing the low or high
20/02/2025 15:25:54.607 - INFO - Computing EURGBP high and low windows for: 2025-01-24
20/02/2025 15:25:54.607 - INFO - Trading day: 2025-01-24 09:00:00+00:00 to 2025-01-25 09:00:00+00:00 ETC/UTC
20/02/2025 15:25:54.680 - DEBUG - For 2025-01-24 found 29 windows containing the high
20/02/2025 15:25:54.682 - DEBUG - For 2025-01-24, found 54 windows containing the low
20/02/2025 15:25:54.683 - DEBUG - For 2025-01-24, found 83 windows containing the low or high
20/02/2025 15:25:54.683 - INFO - Computing EURGBP high and low windows for: 2025-01-27
20/02/2025 15:25:54.684 - INFO - Trading day: 2025-01-27 09:00:00+00:00 to 2025-01-28 09:00:00+00:00 ETC/UTC
20/02/2025 15:25:54.749 - DEBUG - For 2025-01-27 found 64 windows containing the high
20/02/2025 15:25:54.750 - DEBUG - For 2025-01-27, found 91 windows containing the low
20/02/2025 15:25:54.752 - DEBUG - For 2025-01-27, found 155 windows containing the low or high
20/02/2025 15:25:54.753 - INFO - Computing EURGBP high and low windows for: 2025-01-28
20/02/2025 15:25:54.753 - INFO - Trading day: 2025-01-28 09:00:00+00:00 to 2025-01-29 09:00:00+00:00 ETC/UTC
20/02/2025 15:25:54.826 - DEBUG - For 2025-01-28 found 90 windows containing the high
20/02/2025 15:25:54.827 - DEBUG - For 2025-01-28, found 148 windows containing the low
20/02/2025 15:25:54.828 - DEBUG - For 2025-01-28, found 224 windows containing the low or high
20/02/2025 15:25:54.830 - INFO - Computing EURGBP high and low windows for: 2025-01-29
20/02/2025 15:25:54.830 - INFO - Trading day: 2025-01-29 09:00:00+00:00 to 2025-01-30 09:00:00+00:00 ETC/UTC
20/02/2025 15:25:54.908 - DEBUG - For 2025-01-29 found 104 windows containing the high
20/02/2025 15:25:54.908 - DEBUG - For 2025-01-29, found 22 windows containing the low
20/02/2025 15:25:54.909 - DEBUG - For 2025-01-29, found 126 windows containing the low or high
20/02/2025 15:25:54.910 - INFO - Computing EURGBP high and low windows for: 2025-01-30
20/02/2025 15:25:54.910 - INFO - Trading day: 2025-01-30 09:00:00+00:00 to 2025-01-31 09:00:00+00:00 ETC/UTC
20/02/2025 15:25:54.976 - DEBUG - For 2025-01-30 found 20 windows containing the high
20/02/2025 15:25:54.977 - DEBUG - For 2025-01-30, found 19 windows containing the low
20/02/2025 15:25:54.977 - DEBUG - For 2025-01-30, found 39 windows containing the low or high
20/02/2025 15:25:54.978 - INFO - Computing EURGBP high and low windows for: 2025-01-31
20/02/2025 15:25:54.978 - INFO - Trading day: 2025-01-31 09:00:00+00:00 to 2025-02-01 09:00:00+00:00 ETC/UTC
20/02/2025 15:25:55.048 - DEBUG - For 2025-01-31 found 66 windows containing the high
20/02/2025 15:25:55.049 - DEBUG - For 2025-01-31, found 139 windows containing the low
20/02/2025 15:25:55.049 - DEBUG - For 2025-01-31, found 163 windows containing the low or high
20/02/2025 15:25:55.050 - INFO - Computing EURGBP high and low windows for: 2025-02-03
20/02/2025 15:25:55.050 - INFO - Trading day: 2025-02-03 09:00:00+00:00 to 2025-02-04 09:00:00+00:00 ETC/UTC
20/02/2025 15:25:55.124 - DEBUG - For 2025-02-03 found 4 windows containing the high
20/02/2025 15:25:55.124 - DEBUG - For 2025-02-03, found 96 windows containing the low
20/02/2025 15:25:55.124 - DEBUG - For 2025-02-03, found 100 windows containing the low or high
20/02/2025 15:25:55.124 - INFO - Computing EURGBP high and low windows for: 2025-02-04
20/02/2025 15:25:55.124 - INFO - Trading day: 2025-02-04 09:00:00+00:00 to 2025-02-05 09:00:00+00:00 ETC/UTC
20/02/2025 15:25:55.203 - DEBUG - For 2025-02-04 found 57 windows containing the high
20/02/2025 15:25:55.204 - DEBUG - For 2025-02-04, found 22 windows containing the low
20/02/2025 15:25:55.205 - DEBUG - For 2025-02-04, found 79 windows containing the low or high
20/02/2025 15:25:55.205 - INFO - Computing EURGBP high and low windows for: 2025-02-05
20/02/2025 15:25:55.206 - INFO - Trading day: 2025-02-05 09:00:00+00:00 to 2025-02-06 09:00:00+00:00 ETC/UTC
20/02/2025 15:25:55.274 - DEBUG - For 2025-02-05 found 47 windows containing the high
20/02/2025 15:25:55.275 - DEBUG - For 2025-02-05, found 60 windows containing the low
20/02/2025 15:25:55.276 - DEBUG - For 2025-02-05, found 107 windows containing the low or high
20/02/2025 15:25:55.276 - INFO - Computing EURGBP high and low windows for: 2025-02-06
20/02/2025 15:25:55.277 - INFO - Trading day: 2025-02-06 09:00:00+00:00 to 2025-02-07 09:00:00+00:00 ETC/UTC
20/02/2025 15:25:55.359 - DEBUG - For 2025-02-06 found 32 windows containing the high
20/02/2025 15:25:55.360 - DEBUG - For 2025-02-06, found 27 windows containing the low
20/02/2025 15:25:55.361 - DEBUG - For 2025-02-06, found 59 windows containing the low or high
20/02/2025 15:25:55.361 - INFO - Computing EURGBP high and low windows for: 2025-02-07
20/02/2025 15:25:55.362 - INFO - Trading day: 2025-02-07 09:00:00+00:00 to 2025-02-08 09:00:00+00:00 ETC/UTC
20/02/2025 15:25:55.433 - DEBUG - For 2025-02-07 found 21 windows containing the high
20/02/2025 15:25:55.434 - DEBUG - For 2025-02-07, found 70 windows containing the low
20/02/2025 15:25:55.435 - DEBUG - For 2025-02-07, found 91 windows containing the low or high
20/02/2025 15:25:55.436 - INFO - Computing EURGBP high and low windows for: 2025-02-10
20/02/2025 15:25:55.436 - INFO - Trading day: 2025-02-10 09:00:00+00:00 to 2025-02-11 09:00:00+00:00 ETC/UTC
20/02/2025 15:25:55.509 - DEBUG - For 2025-02-10 found 151 windows containing the high
20/02/2025 15:25:55.510 - DEBUG - For 2025-02-10, found 15 windows containing the low
20/02/2025 15:25:55.511 - DEBUG - For 2025-02-10, found 166 windows containing the low or high
20/02/2025 15:25:55.518 - INFO - Computing EURGBP high and low windows for: 2025-02-11
20/02/2025 15:25:55.525 - INFO - Trading day: 2025-02-11 09:00:00+00:00 to 2025-02-12 09:00:00+00:00 ETC/UTC
20/02/2025 15:25:55.597 - DEBUG - For 2025-02-11 found 71 windows containing the high
20/02/2025 15:25:55.598 - DEBUG - For 2025-02-11, found 19 windows containing the low
20/02/2025 15:25:55.599 - DEBUG - For 2025-02-11, found 90 windows containing the low or high
20/02/2025 15:25:55.599 - INFO - Computing EURGBP high and low windows for: 2025-02-12
20/02/2025 15:25:55.600 - INFO - Trading day: 2025-02-12 09:00:00+00:00 to 2025-02-13 09:00:00+00:00 ETC/UTC
20/02/2025 15:25:55.673 - DEBUG - For 2025-02-12 found 75 windows containing the high
20/02/2025 15:25:55.674 - DEBUG - For 2025-02-12, found 57 windows containing the low
20/02/2025 15:25:55.674 - DEBUG - For 2025-02-12, found 132 windows containing the low or high
20/02/2025 15:25:55.675 - INFO - Computing EURGBP high and low windows for: 2025-02-13
20/02/2025 15:25:55.676 - INFO - Trading day: 2025-02-13 09:00:00+00:00 to 2025-02-14 09:00:00+00:00 ETC/UTC
20/02/2025 15:25:55.752 - DEBUG - For 2025-02-13 found 58 windows containing the high
20/02/2025 15:25:55.753 - DEBUG - For 2025-02-13, found 42 windows containing the low
20/02/2025 15:25:55.754 - DEBUG - For 2025-02-13, found 100 windows containing the low or high
20/02/2025 15:25:55.754 - INFO - Computing EURGBP high and low windows for: 2025-02-14
20/02/2025 15:25:55.754 - INFO - Trading day: 2025-02-14 09:00:00+00:00 to 2025-02-15 09:00:00+00:00 ETC/UTC
20/02/2025 15:25:55.819 - DEBUG - For 2025-02-14 found 67 windows containing the high
20/02/2025 15:25:55.820 - DEBUG - For 2025-02-14, found 62 windows containing the low
20/02/2025 15:25:55.821 - DEBUG - For 2025-02-14, found 129 windows containing the low or high
20/02/2025 15:25:55.822 - INFO - Computing EURGBP high and low windows for: 2025-02-17
20/02/2025 15:25:55.822 - INFO - Trading day: 2025-02-17 09:00:00+00:00 to 2025-02-18 09:00:00+00:00 ETC/UTC
20/02/2025 15:25:55.888 - DEBUG - For 2025-02-17 found 8 windows containing the high
20/02/2025 15:25:55.888 - DEBUG - For 2025-02-17, found 56 windows containing the low
20/02/2025 15:25:55.889 - DEBUG - For 2025-02-17, found 64 windows containing the low or high
20/02/2025 15:25:55.890 - INFO - Computing EURGBP high and low windows for: 2025-02-18
20/02/2025 15:25:55.892 - INFO - Trading day: 2025-02-18 09:00:00+00:00 to 2025-02-19 09:00:00+00:00 ETC/UTC
20/02/2025 15:25:55.974 - DEBUG - For 2025-02-18 found 53 windows containing the high
20/02/2025 15:25:55.977 - DEBUG - For 2025-02-18, found 33 windows containing the low
20/02/2025 15:25:55.978 - DEBUG - For 2025-02-18, found 86 windows containing the low or high
20/02/2025 15:25:55.979 - INFO - Computing EURGBP high and low windows for: 2025-02-19
20/02/2025 15:25:55.982 - INFO - Trading day: 2025-02-19 09:00:00+00:00 to 2025-02-20 09:00:00+00:00 ETC/UTC
20/02/2025 15:25:56.050 - DEBUG - For 2025-02-19 found 52 windows containing the high
20/02/2025 15:25:56.050 - DEBUG - For 2025-02-19, found 49 windows containing the low
20/02/2025 15:25:56.050 - DEBUG - For 2025-02-19, found 66 windows containing the low or high
20/02/2025 15:25:56.050 - INFO - Computing EURGBP high and low windows for: 2025-02-20
20/02/2025 15:25:56.050 - INFO - Trading day: 2025-02-20 09:00:00+00:00 to 2025-02-21 09:00:00+00:00 ETC/UTC
20/02/2025 15:25:56.116 - DEBUG - For 2025-02-20 found 0 windows containing the high
20/02/2025 15:25:56.116 - DEBUG - For 2025-02-20, found 0 windows containing the low
20/02/2025 15:25:56.116 - DEBUG - For 2025-02-20, found 0 windows containing the low or high
20/02/2025 15:25:56.116 - INFO - Computing EURGBP high and low windows for: 2025-02-21
20/02/2025 15:25:56.116 - INFO - Trading day: 2025-02-21 09:00:00+00:00 to 2025-02-22 09:00:00+00:00 ETC/UTC
20/02/2025 15:25:56.176 - DEBUG - For 2025-02-21 found 0 windows containing the high
20/02/2025 15:25:56.177 - DEBUG - For 2025-02-21, found 0 windows containing the low
20/02/2025 15:25:56.178 - DEBUG - For 2025-02-21, found 0 windows containing the low or high
20/02/2025 15:25:56.183 - INFO - Exporting empirical distributions to csv
20/02/2025 15:25:56.187 - DEBUG - MT5 connection closed
20/02/2025 15:25:56.189 - INFO - MT5API connection closed.
20/02/2025 15:25:56.189 - INFO - Exiting run
