05/02/2025 15:01:47.018 - INFO - Logger initialized
05/02/2025 15:01:47.018 - INFO - Starting run for EURUSD
05/02/2025 15:01:47.018 - INFO - Configured run with: 5min tick interval,  EURUSD FX rate, 90min horizon and 1Y historical data
05/02/2025 15:01:47.018 - INFO - Reading data from csv: data\full_fx_data.csv
05/02/2025 15:01:47.084 - DEBUG - Actual date range: 2024-01-16 to 2025-02-02
05/02/2025 15:01:47.162 - DEBUG - Computing EURUSD high and low windows for: 2024-01-16
05/02/2025 15:01:47.214 - DEBUG - For 2024-01-16 found 13 windows containing the high
05/02/2025 15:01:47.214 - DEBUG - For 2024-01-16, found 18 windows containing the low
05/02/2025 15:01:47.214 - DEBUG - Computing EURUSD high and low windows for: 2024-01-17
05/02/2025 15:01:47.253 - DEBUG - For 2024-01-17 found 18 windows containing the high
05/02/2025 15:01:47.253 - DEBUG - For 2024-01-17, found 18 windows containing the low
05/02/2025 15:01:47.253 - DEBUG - Computing EURUSD high and low windows for: 2024-01-18
05/02/2025 15:01:47.315 - DEBUG - For 2024-01-18 found 18 windows containing the high
05/02/2025 15:01:47.316 - DEBUG - For 2024-01-18, found 18 windows containing the low
05/02/2025 15:01:47.317 - DEBUG - Computing EURUSD high and low windows for: 2024-01-19
05/02/2025 15:01:47.364 - DEBUG - For 2024-01-19 found 2 windows containing the high
05/02/2025 15:01:47.365 - DEBUG - For 2024-01-19, found 3 windows containing the low
05/02/2025 15:01:47.365 - DEBUG - Computing EURUSD high and low windows for: 2024-01-22
05/02/2025 15:01:47.421 - DEBUG - For 2024-01-22 found 36 windows containing the high
05/02/2025 15:01:47.421 - DEBUG - For 2024-01-22, found 18 windows containing the low
05/02/2025 15:01:47.421 - DEBUG - Computing EURUSD high and low windows for: 2024-01-23
05/02/2025 15:01:47.472 - DEBUG - For 2024-01-23 found 18 windows containing the high
05/02/2025 15:01:47.472 - DEBUG - For 2024-01-23, found 18 windows containing the low
05/02/2025 15:01:47.472 - DEBUG - Computing EURUSD high and low windows for: 2024-01-24
05/02/2025 15:01:47.524 - DEBUG - For 2024-01-24 found 18 windows containing the high
05/02/2025 15:01:47.524 - DEBUG - For 2024-01-24, found 2 windows containing the low
05/02/2025 15:01:47.524 - DEBUG - Computing EURUSD high and low windows for: 2024-01-25
05/02/2025 15:01:47.573 - DEBUG - For 2024-01-25 found 18 windows containing the high
05/02/2025 15:01:47.573 - DEBUG - For 2024-01-25, found 18 windows containing the low
05/02/2025 15:01:47.573 - DEBUG - Computing EURUSD high and low windows for: 2024-01-26
05/02/2025 15:01:47.628 - DEBUG - For 2024-01-26 found 18 windows containing the high
05/02/2025 15:01:47.630 - DEBUG - For 2024-01-26, found 18 windows containing the low
05/02/2025 15:01:47.630 - DEBUG - Computing EURUSD high and low windows for: 2024-01-29
05/02/2025 15:01:47.682 - DEBUG - For 2024-01-29 found 18 windows containing the high
05/02/2025 15:01:47.683 - DEBUG - For 2024-01-29, found 18 windows containing the low
05/02/2025 15:01:47.683 - DEBUG - Computing EURUSD high and low windows for: 2024-01-30
05/02/2025 15:01:47.732 - DEBUG - For 2024-01-30 found 18 windows containing the high
05/02/2025 15:01:47.733 - DEBUG - For 2024-01-30, found 18 windows containing the low
05/02/2025 15:01:47.733 - DEBUG - Computing EURUSD high and low windows for: 2024-01-31
05/02/2025 15:01:47.794 - DEBUG - For 2024-01-31 found 18 windows containing the high
05/02/2025 15:01:47.794 - DEBUG - For 2024-01-31, found 18 windows containing the low
05/02/2025 15:01:47.795 - DEBUG - Computing EURUSD high and low windows for: 2024-02-01
05/02/2025 15:01:47.836 - DEBUG - For 2024-02-01 found 44 windows containing the high
05/02/2025 15:01:47.836 - DEBUG - For 2024-02-01, found 19 windows containing the low
05/02/2025 15:01:47.836 - DEBUG - Computing EURUSD high and low windows for: 2024-02-02
05/02/2025 15:01:47.889 - DEBUG - For 2024-02-02 found 18 windows containing the high
05/02/2025 15:01:47.889 - DEBUG - For 2024-02-02, found 18 windows containing the low
05/02/2025 15:01:47.889 - DEBUG - Computing EURUSD high and low windows for: 2024-02-05
05/02/2025 15:01:47.942 - DEBUG - For 2024-02-05 found 10 windows containing the high
05/02/2025 15:01:47.942 - DEBUG - For 2024-02-05, found 18 windows containing the low
05/02/2025 15:01:47.942 - DEBUG - Computing EURUSD high and low windows for: 2024-02-06
05/02/2025 15:01:48.002 - DEBUG - For 2024-02-06 found 18 windows containing the high
05/02/2025 15:01:48.002 - DEBUG - For 2024-02-06, found 18 windows containing the low
05/02/2025 15:01:48.002 - DEBUG - Computing EURUSD high and low windows for: 2024-02-07
05/02/2025 15:01:48.055 - DEBUG - For 2024-02-07 found 18 windows containing the high
05/02/2025 15:01:48.056 - DEBUG - For 2024-02-07, found 4 windows containing the low
05/02/2025 15:01:48.056 - DEBUG - Computing EURUSD high and low windows for: 2024-02-08
05/02/2025 15:01:48.105 - DEBUG - For 2024-02-08 found 18 windows containing the high
05/02/2025 15:01:48.105 - DEBUG - For 2024-02-08, found 18 windows containing the low
05/02/2025 15:01:48.105 - DEBUG - Computing EURUSD high and low windows for: 2024-02-09
05/02/2025 15:01:48.157 - DEBUG - For 2024-02-09 found 18 windows containing the high
05/02/2025 15:01:48.157 - DEBUG - For 2024-02-09, found 18 windows containing the low
05/02/2025 15:01:48.165 - DEBUG - Computing EURUSD high and low windows for: 2024-02-12
05/02/2025 15:01:48.210 - DEBUG - For 2024-02-12 found 18 windows containing the high
05/02/2025 15:01:48.215 - DEBUG - For 2024-02-12, found 18 windows containing the low
05/02/2025 15:01:48.215 - DEBUG - Computing EURUSD high and low windows for: 2024-02-13
05/02/2025 15:01:48.267 - DEBUG - For 2024-02-13 found 18 windows containing the high
05/02/2025 15:01:48.267 - DEBUG - For 2024-02-13, found 37 windows containing the low
05/02/2025 15:01:48.267 - DEBUG - Computing EURUSD high and low windows for: 2024-02-14
05/02/2025 15:01:48.319 - DEBUG - For 2024-02-14 found 18 windows containing the high
05/02/2025 15:01:48.319 - DEBUG - For 2024-02-14, found 18 windows containing the low
05/02/2025 15:01:48.319 - DEBUG - Computing EURUSD high and low windows for: 2024-02-15
05/02/2025 15:01:48.376 - DEBUG - For 2024-02-15 found 18 windows containing the high
05/02/2025 15:01:48.376 - DEBUG - For 2024-02-15, found 22 windows containing the low
05/02/2025 15:01:48.376 - DEBUG - Computing EURUSD high and low windows for: 2024-02-16
05/02/2025 15:01:48.437 - DEBUG - For 2024-02-16 found 18 windows containing the high
05/02/2025 15:01:48.437 - DEBUG - For 2024-02-16, found 18 windows containing the low
05/02/2025 15:01:48.437 - DEBUG - Computing EURUSD high and low windows for: 2024-02-20
05/02/2025 15:01:48.489 - DEBUG - For 2024-02-20 found 18 windows containing the high
05/02/2025 15:01:48.489 - DEBUG - For 2024-02-20, found 18 windows containing the low
05/02/2025 15:01:48.489 - DEBUG - Computing EURUSD high and low windows for: 2024-02-21
05/02/2025 15:01:48.540 - DEBUG - For 2024-02-21 found 18 windows containing the high
05/02/2025 15:01:48.540 - DEBUG - For 2024-02-21, found 19 windows containing the low
05/02/2025 15:01:48.540 - DEBUG - Computing EURUSD high and low windows for: 2024-02-22
05/02/2025 15:01:48.594 - DEBUG - For 2024-02-22 found 18 windows containing the high
05/02/2025 15:01:48.594 - DEBUG - For 2024-02-22, found 18 windows containing the low
05/02/2025 15:01:48.599 - DEBUG - Computing EURUSD high and low windows for: 2024-02-23
05/02/2025 15:01:48.651 - DEBUG - For 2024-02-23 found 18 windows containing the high
05/02/2025 15:01:48.653 - DEBUG - For 2024-02-23, found 18 windows containing the low
05/02/2025 15:01:48.653 - DEBUG - Computing EURUSD high and low windows for: 2024-02-26
05/02/2025 15:01:48.702 - DEBUG - For 2024-02-26 found 18 windows containing the high
05/02/2025 15:01:48.703 - DEBUG - For 2024-02-26, found 18 windows containing the low
05/02/2025 15:01:48.703 - DEBUG - Computing EURUSD high and low windows for: 2024-02-27
05/02/2025 15:01:48.792 - DEBUG - For 2024-02-27 found 18 windows containing the high
05/02/2025 15:01:48.792 - DEBUG - For 2024-02-27, found 18 windows containing the low
05/02/2025 15:01:48.792 - DEBUG - Computing EURUSD high and low windows for: 2024-02-28
05/02/2025 15:01:48.850 - DEBUG - For 2024-02-28 found 7 windows containing the high
05/02/2025 15:01:48.850 - DEBUG - For 2024-02-28, found 18 windows containing the low
05/02/2025 15:01:48.850 - DEBUG - Computing EURUSD high and low windows for: 2024-02-29
05/02/2025 15:01:48.920 - DEBUG - For 2024-02-29 found 19 windows containing the high
05/02/2025 15:01:48.920 - DEBUG - For 2024-02-29, found 18 windows containing the low
05/02/2025 15:01:48.920 - DEBUG - Computing EURUSD high and low windows for: 2024-03-01
05/02/2025 15:01:48.985 - DEBUG - For 2024-03-01 found 18 windows containing the high
05/02/2025 15:01:48.987 - DEBUG - For 2024-03-01, found 18 windows containing the low
05/02/2025 15:01:48.987 - DEBUG - Computing EURUSD high and low windows for: 2024-03-04
05/02/2025 15:01:49.037 - DEBUG - For 2024-03-04 found 19 windows containing the high
05/02/2025 15:01:49.039 - DEBUG - For 2024-03-04, found 1 windows containing the low
05/02/2025 15:01:49.039 - DEBUG - Computing EURUSD high and low windows for: 2024-03-05
05/02/2025 15:01:49.091 - DEBUG - For 2024-03-05 found 18 windows containing the high
05/02/2025 15:01:49.091 - DEBUG - For 2024-03-05, found 18 windows containing the low
05/02/2025 15:01:49.091 - DEBUG - Computing EURUSD high and low windows for: 2024-03-06
05/02/2025 15:01:49.136 - DEBUG - For 2024-03-06 found 18 windows containing the high
05/02/2025 15:01:49.136 - DEBUG - For 2024-03-06, found 18 windows containing the low
05/02/2025 15:01:49.136 - DEBUG - Computing EURUSD high and low windows for: 2024-03-07
05/02/2025 15:01:49.193 - DEBUG - For 2024-03-07 found 16 windows containing the high
05/02/2025 15:01:49.193 - DEBUG - For 2024-03-07, found 18 windows containing the low
05/02/2025 15:01:49.193 - DEBUG - Computing EURUSD high and low windows for: 2024-03-08
05/02/2025 15:01:49.254 - DEBUG - For 2024-03-08 found 18 windows containing the high
05/02/2025 15:01:49.254 - DEBUG - For 2024-03-08, found 18 windows containing the low
05/02/2025 15:01:49.254 - DEBUG - Computing EURUSD high and low windows for: 2024-03-11
05/02/2025 15:01:49.301 - DEBUG - For 2024-03-11 found 18 windows containing the high
05/02/2025 15:01:49.301 - DEBUG - For 2024-03-11, found 18 windows containing the low
05/02/2025 15:01:49.312 - DEBUG - Computing EURUSD high and low windows for: 2024-03-12
05/02/2025 15:01:49.356 - DEBUG - For 2024-03-12 found 18 windows containing the high
05/02/2025 15:01:49.356 - DEBUG - For 2024-03-12, found 18 windows containing the low
05/02/2025 15:01:49.356 - DEBUG - Computing EURUSD high and low windows for: 2024-03-13
05/02/2025 15:01:49.431 - DEBUG - For 2024-03-13 found 18 windows containing the high
05/02/2025 15:01:49.433 - DEBUG - For 2024-03-13, found 18 windows containing the low
05/02/2025 15:01:49.433 - DEBUG - Computing EURUSD high and low windows for: 2024-03-14
05/02/2025 15:01:49.501 - DEBUG - For 2024-03-14 found 18 windows containing the high
05/02/2025 15:01:49.502 - DEBUG - For 2024-03-14, found 12 windows containing the low
05/02/2025 15:01:49.502 - DEBUG - Computing EURUSD high and low windows for: 2024-03-15
05/02/2025 15:01:49.618 - DEBUG - For 2024-03-15 found 21 windows containing the high
05/02/2025 15:01:49.619 - DEBUG - For 2024-03-15, found 18 windows containing the low
05/02/2025 15:01:49.619 - DEBUG - Computing EURUSD high and low windows for: 2024-03-18
05/02/2025 15:01:49.676 - DEBUG - For 2024-03-18 found 18 windows containing the high
05/02/2025 15:01:49.676 - DEBUG - For 2024-03-18, found 18 windows containing the low
05/02/2025 15:01:49.676 - DEBUG - Computing EURUSD high and low windows for: 2024-03-19
05/02/2025 15:01:49.753 - DEBUG - For 2024-03-19 found 18 windows containing the high
05/02/2025 15:01:49.753 - DEBUG - For 2024-03-19, found 18 windows containing the low
05/02/2025 15:01:49.753 - DEBUG - Computing EURUSD high and low windows for: 2024-03-20
05/02/2025 15:01:49.821 - DEBUG - For 2024-03-20 found 3 windows containing the high
05/02/2025 15:01:49.821 - DEBUG - For 2024-03-20, found 20 windows containing the low
05/02/2025 15:01:49.821 - DEBUG - Computing EURUSD high and low windows for: 2024-03-21
05/02/2025 15:01:49.888 - DEBUG - For 2024-03-21 found 18 windows containing the high
05/02/2025 15:01:49.888 - DEBUG - For 2024-03-21, found 12 windows containing the low
05/02/2025 15:01:49.888 - DEBUG - Computing EURUSD high and low windows for: 2024-03-22
05/02/2025 15:01:49.950 - DEBUG - For 2024-03-22 found 18 windows containing the high
05/02/2025 15:01:49.951 - DEBUG - For 2024-03-22, found 19 windows containing the low
05/02/2025 15:01:49.951 - DEBUG - Computing EURUSD high and low windows for: 2024-03-25
05/02/2025 15:01:50.000 - DEBUG - For 2024-03-25 found 18 windows containing the high
05/02/2025 15:01:50.001 - DEBUG - For 2024-03-25, found 20 windows containing the low
05/02/2025 15:01:50.002 - DEBUG - Computing EURUSD high and low windows for: 2024-03-26
05/02/2025 15:01:50.060 - DEBUG - For 2024-03-26 found 18 windows containing the high
05/02/2025 15:01:50.060 - DEBUG - For 2024-03-26, found 18 windows containing the low
05/02/2025 15:01:50.062 - DEBUG - Computing EURUSD high and low windows for: 2024-03-27
05/02/2025 15:01:50.110 - DEBUG - For 2024-03-27 found 18 windows containing the high
05/02/2025 15:01:50.110 - DEBUG - For 2024-03-27, found 19 windows containing the low
05/02/2025 15:01:50.110 - DEBUG - Computing EURUSD high and low windows for: 2024-03-28
05/02/2025 15:01:50.160 - DEBUG - For 2024-03-28 found 1 windows containing the high
05/02/2025 15:01:50.163 - DEBUG - For 2024-03-28, found 18 windows containing the low
05/02/2025 15:01:50.163 - DEBUG - Computing EURUSD high and low windows for: 2024-04-01
05/02/2025 15:01:50.216 - DEBUG - For 2024-04-01 found 18 windows containing the high
05/02/2025 15:01:50.217 - DEBUG - For 2024-04-01, found 18 windows containing the low
05/02/2025 15:01:50.218 - DEBUG - Computing EURUSD high and low windows for: 2024-04-02
05/02/2025 15:01:50.270 - DEBUG - For 2024-04-02 found 18 windows containing the high
05/02/2025 15:01:50.270 - DEBUG - For 2024-04-02, found 18 windows containing the low
05/02/2025 15:01:50.270 - DEBUG - Computing EURUSD high and low windows for: 2024-04-03
05/02/2025 15:01:50.318 - DEBUG - For 2024-04-03 found 18 windows containing the high
05/02/2025 15:01:50.318 - DEBUG - For 2024-04-03, found 22 windows containing the low
05/02/2025 15:01:50.318 - DEBUG - Computing EURUSD high and low windows for: 2024-04-04
05/02/2025 15:01:50.370 - DEBUG - For 2024-04-04 found 18 windows containing the high
05/02/2025 15:01:50.370 - DEBUG - For 2024-04-04, found 1 windows containing the low
05/02/2025 15:01:50.370 - DEBUG - Computing EURUSD high and low windows for: 2024-04-05
05/02/2025 15:01:50.427 - DEBUG - For 2024-04-05 found 18 windows containing the high
05/02/2025 15:01:50.427 - DEBUG - For 2024-04-05, found 18 windows containing the low
05/02/2025 15:01:50.427 - DEBUG - Computing EURUSD high and low windows for: 2024-04-08
05/02/2025 15:01:50.485 - DEBUG - For 2024-04-08 found 18 windows containing the high
05/02/2025 15:01:50.485 - DEBUG - For 2024-04-08, found 18 windows containing the low
05/02/2025 15:01:50.488 - DEBUG - Computing EURUSD high and low windows for: 2024-04-09
05/02/2025 15:01:50.539 - DEBUG - For 2024-04-09 found 18 windows containing the high
05/02/2025 15:01:50.539 - DEBUG - For 2024-04-09, found 19 windows containing the low
05/02/2025 15:01:50.539 - DEBUG - Computing EURUSD high and low windows for: 2024-04-10
05/02/2025 15:01:50.591 - DEBUG - For 2024-04-10 found 18 windows containing the high
05/02/2025 15:01:50.591 - DEBUG - For 2024-04-10, found 18 windows containing the low
05/02/2025 15:01:50.591 - DEBUG - Computing EURUSD high and low windows for: 2024-04-11
05/02/2025 15:01:50.639 - DEBUG - For 2024-04-11 found 18 windows containing the high
05/02/2025 15:01:50.639 - DEBUG - For 2024-04-11, found 18 windows containing the low
05/02/2025 15:01:50.639 - DEBUG - Computing EURUSD high and low windows for: 2024-04-12
05/02/2025 15:01:50.690 - DEBUG - For 2024-04-12 found 17 windows containing the high
05/02/2025 15:01:50.690 - DEBUG - For 2024-04-12, found 18 windows containing the low
05/02/2025 15:01:50.690 - DEBUG - Computing EURUSD high and low windows for: 2024-04-15
05/02/2025 15:01:50.740 - DEBUG - For 2024-04-15 found 18 windows containing the high
05/02/2025 15:01:50.740 - DEBUG - For 2024-04-15, found 18 windows containing the low
05/02/2025 15:01:50.740 - DEBUG - Computing EURUSD high and low windows for: 2024-04-16
05/02/2025 15:01:50.790 - DEBUG - For 2024-04-16 found 18 windows containing the high
05/02/2025 15:01:50.799 - DEBUG - For 2024-04-16, found 18 windows containing the low
05/02/2025 15:01:50.800 - DEBUG - Computing EURUSD high and low windows for: 2024-04-17
05/02/2025 15:01:50.849 - DEBUG - For 2024-04-17 found 18 windows containing the high
05/02/2025 15:01:50.850 - DEBUG - For 2024-04-17, found 18 windows containing the low
05/02/2025 15:01:50.850 - DEBUG - Computing EURUSD high and low windows for: 2024-04-18
05/02/2025 15:01:50.885 - DEBUG - For 2024-04-18 found 19 windows containing the high
05/02/2025 15:01:50.899 - DEBUG - For 2024-04-18, found 1 windows containing the low
05/02/2025 15:01:50.899 - DEBUG - Computing EURUSD high and low windows for: 2024-04-19
05/02/2025 15:01:50.945 - DEBUG - For 2024-04-19 found 18 windows containing the high
05/02/2025 15:01:50.945 - DEBUG - For 2024-04-19, found 18 windows containing the low
05/02/2025 15:01:50.945 - DEBUG - Computing EURUSD high and low windows for: 2024-04-22
05/02/2025 15:01:50.990 - DEBUG - For 2024-04-22 found 18 windows containing the high
05/02/2025 15:01:50.990 - DEBUG - For 2024-04-22, found 18 windows containing the low
05/02/2025 15:01:50.999 - DEBUG - Computing EURUSD high and low windows for: 2024-04-23
05/02/2025 15:01:51.047 - DEBUG - For 2024-04-23 found 18 windows containing the high
05/02/2025 15:01:51.049 - DEBUG - For 2024-04-23, found 18 windows containing the low
05/02/2025 15:01:51.049 - DEBUG - Computing EURUSD high and low windows for: 2024-04-24
05/02/2025 15:01:51.087 - DEBUG - For 2024-04-24 found 18 windows containing the high
05/02/2025 15:01:51.087 - DEBUG - For 2024-04-24, found 18 windows containing the low
05/02/2025 15:01:51.087 - DEBUG - Computing EURUSD high and low windows for: 2024-04-25
05/02/2025 15:01:51.153 - DEBUG - For 2024-04-25 found 18 windows containing the high
05/02/2025 15:01:51.153 - DEBUG - For 2024-04-25, found 18 windows containing the low
05/02/2025 15:01:51.153 - DEBUG - Computing EURUSD high and low windows for: 2024-04-26
05/02/2025 15:01:51.202 - DEBUG - For 2024-04-26 found 18 windows containing the high
05/02/2025 15:01:51.202 - DEBUG - For 2024-04-26, found 18 windows containing the low
05/02/2025 15:01:51.202 - DEBUG - Computing EURUSD high and low windows for: 2024-04-29
05/02/2025 15:01:51.267 - DEBUG - For 2024-04-29 found 21 windows containing the high
05/02/2025 15:01:51.267 - DEBUG - For 2024-04-29, found 1 windows containing the low
05/02/2025 15:01:51.267 - DEBUG - Computing EURUSD high and low windows for: 2024-04-30
05/02/2025 15:01:51.334 - DEBUG - For 2024-04-30 found 18 windows containing the high
05/02/2025 15:01:51.334 - DEBUG - For 2024-04-30, found 1 windows containing the low
05/02/2025 15:01:51.334 - DEBUG - Computing EURUSD high and low windows for: 2024-05-01
05/02/2025 15:01:51.399 - DEBUG - For 2024-05-01 found 18 windows containing the high
05/02/2025 15:01:51.400 - DEBUG - For 2024-05-01, found 18 windows containing the low
05/02/2025 15:01:51.400 - DEBUG - Computing EURUSD high and low windows for: 2024-05-02
05/02/2025 15:01:51.461 - DEBUG - For 2024-05-02 found 18 windows containing the high
05/02/2025 15:01:51.462 - DEBUG - For 2024-05-02, found 18 windows containing the low
05/02/2025 15:01:51.463 - DEBUG - Computing EURUSD high and low windows for: 2024-05-03
05/02/2025 15:01:51.517 - DEBUG - For 2024-05-03 found 18 windows containing the high
05/02/2025 15:01:51.518 - DEBUG - For 2024-05-03, found 1 windows containing the low
05/02/2025 15:01:51.518 - DEBUG - Computing EURUSD high and low windows for: 2024-05-06
05/02/2025 15:01:51.568 - DEBUG - For 2024-05-06 found 18 windows containing the high
05/02/2025 15:01:51.568 - DEBUG - For 2024-05-06, found 18 windows containing the low
05/02/2025 15:01:51.568 - DEBUG - Computing EURUSD high and low windows for: 2024-05-07
05/02/2025 15:01:51.618 - DEBUG - For 2024-05-07 found 18 windows containing the high
05/02/2025 15:01:51.618 - DEBUG - For 2024-05-07, found 18 windows containing the low
05/02/2025 15:01:51.618 - DEBUG - Computing EURUSD high and low windows for: 2024-05-08
05/02/2025 15:01:51.667 - DEBUG - For 2024-05-08 found 18 windows containing the high
05/02/2025 15:01:51.667 - DEBUG - For 2024-05-08, found 18 windows containing the low
05/02/2025 15:01:51.667 - DEBUG - Computing EURUSD high and low windows for: 2024-05-09
05/02/2025 15:01:51.717 - DEBUG - For 2024-05-09 found 16 windows containing the high
05/02/2025 15:01:51.717 - DEBUG - For 2024-05-09, found 18 windows containing the low
05/02/2025 15:01:51.717 - DEBUG - Computing EURUSD high and low windows for: 2024-05-10
05/02/2025 15:01:51.784 - DEBUG - For 2024-05-10 found 18 windows containing the high
05/02/2025 15:01:51.784 - DEBUG - For 2024-05-10, found 18 windows containing the low
05/02/2025 15:01:51.784 - DEBUG - Computing EURUSD high and low windows for: 2024-05-13
05/02/2025 15:01:51.850 - DEBUG - For 2024-05-13 found 18 windows containing the high
05/02/2025 15:01:51.850 - DEBUG - For 2024-05-13, found 18 windows containing the low
05/02/2025 15:01:51.850 - DEBUG - Computing EURUSD high and low windows for: 2024-05-14
05/02/2025 15:01:51.916 - DEBUG - For 2024-05-14 found 19 windows containing the high
05/02/2025 15:01:51.916 - DEBUG - For 2024-05-14, found 18 windows containing the low
05/02/2025 15:01:51.916 - DEBUG - Computing EURUSD high and low windows for: 2024-05-15
05/02/2025 15:01:51.971 - DEBUG - For 2024-05-15 found 9 windows containing the high
05/02/2025 15:01:51.971 - DEBUG - For 2024-05-15, found 18 windows containing the low
05/02/2025 15:01:51.971 - DEBUG - Computing EURUSD high and low windows for: 2024-05-16
05/02/2025 15:01:52.034 - DEBUG - For 2024-05-16 found 18 windows containing the high
05/02/2025 15:01:52.034 - DEBUG - For 2024-05-16, found 18 windows containing the low
05/02/2025 15:01:52.034 - DEBUG - Computing EURUSD high and low windows for: 2024-05-17
05/02/2025 15:01:52.084 - DEBUG - For 2024-05-17 found 18 windows containing the high
05/02/2025 15:01:52.084 - DEBUG - For 2024-05-17, found 18 windows containing the low
05/02/2025 15:01:52.084 - DEBUG - Computing EURUSD high and low windows for: 2024-05-20
05/02/2025 15:01:52.134 - DEBUG - For 2024-05-20 found 18 windows containing the high
05/02/2025 15:01:52.134 - DEBUG - For 2024-05-20, found 18 windows containing the low
05/02/2025 15:01:52.149 - DEBUG - Computing EURUSD high and low windows for: 2024-05-21
05/02/2025 15:01:52.200 - DEBUG - For 2024-05-21 found 18 windows containing the high
05/02/2025 15:01:52.200 - DEBUG - For 2024-05-21, found 18 windows containing the low
05/02/2025 15:01:52.201 - DEBUG - Computing EURUSD high and low windows for: 2024-05-22
05/02/2025 15:01:52.250 - DEBUG - For 2024-05-22 found 18 windows containing the high
05/02/2025 15:01:52.251 - DEBUG - For 2024-05-22, found 18 windows containing the low
05/02/2025 15:01:52.252 - DEBUG - Computing EURUSD high and low windows for: 2024-05-23
05/02/2025 15:01:52.301 - DEBUG - For 2024-05-23 found 18 windows containing the high
05/02/2025 15:01:52.301 - DEBUG - For 2024-05-23, found 20 windows containing the low
05/02/2025 15:01:52.301 - DEBUG - Computing EURUSD high and low windows for: 2024-05-24
05/02/2025 15:01:52.367 - DEBUG - For 2024-05-24 found 18 windows containing the high
05/02/2025 15:01:52.367 - DEBUG - For 2024-05-24, found 18 windows containing the low
05/02/2025 15:01:52.367 - DEBUG - Computing EURUSD high and low windows for: 2024-05-28
05/02/2025 15:01:52.417 - DEBUG - For 2024-05-28 found 18 windows containing the high
05/02/2025 15:01:52.417 - DEBUG - For 2024-05-28, found 2 windows containing the low
05/02/2025 15:01:52.417 - DEBUG - Computing EURUSD high and low windows for: 2024-05-29
05/02/2025 15:01:52.468 - DEBUG - For 2024-05-29 found 13 windows containing the high
05/02/2025 15:01:52.468 - DEBUG - For 2024-05-29, found 14 windows containing the low
05/02/2025 15:01:52.468 - DEBUG - Computing EURUSD high and low windows for: 2024-05-30
05/02/2025 15:01:52.518 - DEBUG - For 2024-05-30 found 19 windows containing the high
05/02/2025 15:01:52.518 - DEBUG - For 2024-05-30, found 18 windows containing the low
05/02/2025 15:01:52.518 - DEBUG - Computing EURUSD high and low windows for: 2024-05-31
05/02/2025 15:01:52.572 - DEBUG - For 2024-05-31 found 18 windows containing the high
05/02/2025 15:01:52.583 - DEBUG - For 2024-05-31, found 18 windows containing the low
05/02/2025 15:01:52.583 - DEBUG - Computing EURUSD high and low windows for: 2024-06-03
05/02/2025 15:01:52.634 - DEBUG - For 2024-06-03 found 1 windows containing the high
05/02/2025 15:01:52.634 - DEBUG - For 2024-06-03, found 19 windows containing the low
05/02/2025 15:01:52.634 - DEBUG - Computing EURUSD high and low windows for: 2024-06-04
05/02/2025 15:01:52.684 - DEBUG - For 2024-06-04 found 18 windows containing the high
05/02/2025 15:01:52.684 - DEBUG - For 2024-06-04, found 18 windows containing the low
05/02/2025 15:01:52.684 - DEBUG - Computing EURUSD high and low windows for: 2024-06-05
05/02/2025 15:01:52.774 - DEBUG - For 2024-06-05 found 18 windows containing the high
05/02/2025 15:01:52.776 - DEBUG - For 2024-06-05, found 18 windows containing the low
05/02/2025 15:01:52.776 - DEBUG - Computing EURUSD high and low windows for: 2024-06-06
05/02/2025 15:01:52.834 - DEBUG - For 2024-06-06 found 18 windows containing the high
05/02/2025 15:01:52.834 - DEBUG - For 2024-06-06, found 18 windows containing the low
05/02/2025 15:01:52.834 - DEBUG - Computing EURUSD high and low windows for: 2024-06-07
05/02/2025 15:01:52.884 - DEBUG - For 2024-06-07 found 18 windows containing the high
05/02/2025 15:01:52.884 - DEBUG - For 2024-06-07, found 4 windows containing the low
05/02/2025 15:01:52.884 - DEBUG - Computing EURUSD high and low windows for: 2024-06-10
05/02/2025 15:01:52.933 - DEBUG - For 2024-06-10 found 18 windows containing the high
05/02/2025 15:01:52.933 - DEBUG - For 2024-06-10, found 18 windows containing the low
05/02/2025 15:01:52.933 - DEBUG - Computing EURUSD high and low windows for: 2024-06-11
05/02/2025 15:01:52.984 - DEBUG - For 2024-06-11 found 18 windows containing the high
05/02/2025 15:01:52.984 - DEBUG - For 2024-06-11, found 18 windows containing the low
05/02/2025 15:01:52.984 - DEBUG - Computing EURUSD high and low windows for: 2024-06-12
05/02/2025 15:01:53.033 - DEBUG - For 2024-06-12 found 18 windows containing the high
05/02/2025 15:01:53.033 - DEBUG - For 2024-06-12, found 1 windows containing the low
05/02/2025 15:01:53.033 - DEBUG - Computing EURUSD high and low windows for: 2024-06-13
05/02/2025 15:01:53.084 - DEBUG - For 2024-06-13 found 18 windows containing the high
05/02/2025 15:01:53.084 - DEBUG - For 2024-06-13, found 18 windows containing the low
05/02/2025 15:01:53.084 - DEBUG - Computing EURUSD high and low windows for: 2024-06-14
05/02/2025 15:01:53.139 - DEBUG - For 2024-06-14 found 18 windows containing the high
05/02/2025 15:01:53.139 - DEBUG - For 2024-06-14, found 18 windows containing the low
05/02/2025 15:01:53.139 - DEBUG - Computing EURUSD high and low windows for: 2024-06-17
05/02/2025 15:01:53.189 - DEBUG - For 2024-06-17 found 18 windows containing the high
05/02/2025 15:01:53.189 - DEBUG - For 2024-06-17, found 18 windows containing the low
05/02/2025 15:01:53.189 - DEBUG - Computing EURUSD high and low windows for: 2024-06-18
05/02/2025 15:01:53.240 - DEBUG - For 2024-06-18 found 18 windows containing the high
05/02/2025 15:01:53.240 - DEBUG - For 2024-06-18, found 18 windows containing the low
05/02/2025 15:01:53.240 - DEBUG - Computing EURUSD high and low windows for: 2024-06-20
05/02/2025 15:01:53.300 - DEBUG - For 2024-06-20 found 19 windows containing the high
05/02/2025 15:01:53.300 - DEBUG - For 2024-06-20, found 1 windows containing the low
05/02/2025 15:01:53.300 - DEBUG - Computing EURUSD high and low windows for: 2024-06-21
05/02/2025 15:01:53.350 - DEBUG - For 2024-06-21 found 18 windows containing the high
05/02/2025 15:01:53.350 - DEBUG - For 2024-06-21, found 18 windows containing the low
05/02/2025 15:01:53.350 - DEBUG - Computing EURUSD high and low windows for: 2024-06-24
05/02/2025 15:01:53.418 - DEBUG - For 2024-06-24 found 18 windows containing the high
05/02/2025 15:01:53.418 - DEBUG - For 2024-06-24, found 1 windows containing the low
05/02/2025 15:01:53.418 - DEBUG - Computing EURUSD high and low windows for: 2024-06-25
05/02/2025 15:01:53.467 - DEBUG - For 2024-06-25 found 18 windows containing the high
05/02/2025 15:01:53.467 - DEBUG - For 2024-06-25, found 18 windows containing the low
05/02/2025 15:01:53.467 - DEBUG - Computing EURUSD high and low windows for: 2024-06-26
05/02/2025 15:01:53.535 - DEBUG - For 2024-06-26 found 18 windows containing the high
05/02/2025 15:01:53.535 - DEBUG - For 2024-06-26, found 18 windows containing the low
05/02/2025 15:01:53.535 - DEBUG - Computing EURUSD high and low windows for: 2024-06-27
05/02/2025 15:01:53.605 - DEBUG - For 2024-06-27 found 18 windows containing the high
05/02/2025 15:01:53.605 - DEBUG - For 2024-06-27, found 6 windows containing the low
05/02/2025 15:01:53.605 - DEBUG - Computing EURUSD high and low windows for: 2024-06-28
05/02/2025 15:01:53.655 - DEBUG - For 2024-06-28 found 18 windows containing the high
05/02/2025 15:01:53.655 - DEBUG - For 2024-06-28, found 18 windows containing the low
05/02/2025 15:01:53.655 - DEBUG - Computing EURUSD high and low windows for: 2024-07-01
05/02/2025 15:01:53.716 - DEBUG - For 2024-07-01 found 18 windows containing the high
05/02/2025 15:01:53.718 - DEBUG - For 2024-07-01, found 18 windows containing the low
05/02/2025 15:01:53.718 - DEBUG - Computing EURUSD high and low windows for: 2024-07-02
05/02/2025 15:01:53.768 - DEBUG - For 2024-07-02 found 9 windows containing the high
05/02/2025 15:01:53.768 - DEBUG - For 2024-07-02, found 18 windows containing the low
05/02/2025 15:01:53.768 - DEBUG - Computing EURUSD high and low windows for: 2024-07-03
05/02/2025 15:01:53.834 - DEBUG - For 2024-07-03 found 18 windows containing the high
05/02/2025 15:01:53.834 - DEBUG - For 2024-07-03, found 18 windows containing the low
05/02/2025 15:01:53.834 - DEBUG - Computing EURUSD high and low windows for: 2024-07-05
05/02/2025 15:01:53.949 - DEBUG - For 2024-07-05 found 16 windows containing the high
05/02/2025 15:01:53.949 - DEBUG - For 2024-07-05, found 18 windows containing the low
05/02/2025 15:01:53.949 - DEBUG - Computing EURUSD high and low windows for: 2024-07-08
05/02/2025 15:01:54.017 - DEBUG - For 2024-07-08 found 20 windows containing the high
05/02/2025 15:01:54.017 - DEBUG - For 2024-07-08, found 1 windows containing the low
05/02/2025 15:01:54.017 - DEBUG - Computing EURUSD high and low windows for: 2024-07-09
05/02/2025 15:01:54.083 - DEBUG - For 2024-07-09 found 18 windows containing the high
05/02/2025 15:01:54.083 - DEBUG - For 2024-07-09, found 18 windows containing the low
05/02/2025 15:01:54.083 - DEBUG - Computing EURUSD high and low windows for: 2024-07-10
05/02/2025 15:01:54.171 - DEBUG - For 2024-07-10 found 1 windows containing the high
05/02/2025 15:01:54.172 - DEBUG - For 2024-07-10, found 1 windows containing the low
05/02/2025 15:01:54.173 - DEBUG - Computing EURUSD high and low windows for: 2024-07-11
05/02/2025 15:01:54.240 - DEBUG - For 2024-07-11 found 18 windows containing the high
05/02/2025 15:01:54.241 - DEBUG - For 2024-07-11, found 6 windows containing the low
05/02/2025 15:01:54.241 - DEBUG - Computing EURUSD high and low windows for: 2024-07-12
05/02/2025 15:01:54.285 - DEBUG - For 2024-07-12 found 18 windows containing the high
05/02/2025 15:01:54.285 - DEBUG - For 2024-07-12, found 18 windows containing the low
05/02/2025 15:01:54.285 - DEBUG - Computing EURUSD high and low windows for: 2024-07-15
05/02/2025 15:01:54.367 - DEBUG - For 2024-07-15 found 18 windows containing the high
05/02/2025 15:01:54.367 - DEBUG - For 2024-07-15, found 1 windows containing the low
05/02/2025 15:01:54.367 - DEBUG - Computing EURUSD high and low windows for: 2024-07-16
05/02/2025 15:01:54.437 - DEBUG - For 2024-07-16 found 18 windows containing the high
05/02/2025 15:01:54.438 - DEBUG - For 2024-07-16, found 19 windows containing the low
05/02/2025 15:01:54.438 - DEBUG - Computing EURUSD high and low windows for: 2024-07-17
05/02/2025 15:01:54.485 - DEBUG - For 2024-07-17 found 18 windows containing the high
05/02/2025 15:01:54.485 - DEBUG - For 2024-07-17, found 18 windows containing the low
05/02/2025 15:01:54.485 - DEBUG - Computing EURUSD high and low windows for: 2024-07-18
05/02/2025 15:01:54.551 - DEBUG - For 2024-07-18 found 18 windows containing the high
05/02/2025 15:01:54.551 - DEBUG - For 2024-07-18, found 18 windows containing the low
05/02/2025 15:01:54.551 - DEBUG - Computing EURUSD high and low windows for: 2024-07-19
05/02/2025 15:01:54.601 - DEBUG - For 2024-07-19 found 18 windows containing the high
05/02/2025 15:01:54.615 - DEBUG - For 2024-07-19, found 18 windows containing the low
05/02/2025 15:01:54.615 - DEBUG - Computing EURUSD high and low windows for: 2024-07-22
05/02/2025 15:01:54.683 - DEBUG - For 2024-07-22 found 18 windows containing the high
05/02/2025 15:01:54.683 - DEBUG - For 2024-07-22, found 18 windows containing the low
05/02/2025 15:01:54.683 - DEBUG - Computing EURUSD high and low windows for: 2024-07-23
05/02/2025 15:01:54.750 - DEBUG - For 2024-07-23 found 18 windows containing the high
05/02/2025 15:01:54.751 - DEBUG - For 2024-07-23, found 18 windows containing the low
05/02/2025 15:01:54.752 - DEBUG - Computing EURUSD high and low windows for: 2024-07-24
05/02/2025 15:01:54.802 - DEBUG - For 2024-07-24 found 18 windows containing the high
05/02/2025 15:01:54.802 - DEBUG - For 2024-07-24, found 18 windows containing the low
05/02/2025 15:01:54.802 - DEBUG - Computing EURUSD high and low windows for: 2024-07-25
05/02/2025 15:01:54.867 - DEBUG - For 2024-07-25 found 18 windows containing the high
05/02/2025 15:01:54.867 - DEBUG - For 2024-07-25, found 18 windows containing the low
05/02/2025 15:01:54.867 - DEBUG - Computing EURUSD high and low windows for: 2024-07-26
05/02/2025 15:01:54.950 - DEBUG - For 2024-07-26 found 18 windows containing the high
05/02/2025 15:01:54.950 - DEBUG - For 2024-07-26, found 1 windows containing the low
05/02/2025 15:01:54.950 - DEBUG - Computing EURUSD high and low windows for: 2024-07-29
05/02/2025 15:01:55.017 - DEBUG - For 2024-07-29 found 18 windows containing the high
05/02/2025 15:01:55.032 - DEBUG - For 2024-07-29, found 18 windows containing the low
05/02/2025 15:01:55.033 - DEBUG - Computing EURUSD high and low windows for: 2024-07-30
05/02/2025 15:01:55.120 - DEBUG - For 2024-07-30 found 23 windows containing the high
05/02/2025 15:01:55.122 - DEBUG - For 2024-07-30, found 18 windows containing the low
05/02/2025 15:01:55.122 - DEBUG - Computing EURUSD high and low windows for: 2024-07-31
05/02/2025 15:01:55.186 - DEBUG - For 2024-07-31 found 18 windows containing the high
05/02/2025 15:01:55.187 - DEBUG - For 2024-07-31, found 18 windows containing the low
05/02/2025 15:01:55.187 - DEBUG - Computing EURUSD high and low windows for: 2024-08-01
05/02/2025 15:01:55.234 - DEBUG - For 2024-08-01 found 18 windows containing the high
05/02/2025 15:01:55.234 - DEBUG - For 2024-08-01, found 18 windows containing the low
05/02/2025 15:01:55.234 - DEBUG - Computing EURUSD high and low windows for: 2024-08-02
05/02/2025 15:01:55.318 - DEBUG - For 2024-08-02 found 18 windows containing the high
05/02/2025 15:01:55.318 - DEBUG - For 2024-08-02, found 18 windows containing the low
05/02/2025 15:01:55.318 - DEBUG - Computing EURUSD high and low windows for: 2024-08-05
05/02/2025 15:01:55.384 - DEBUG - For 2024-08-05 found 18 windows containing the high
05/02/2025 15:01:55.400 - DEBUG - For 2024-08-05, found 18 windows containing the low
05/02/2025 15:01:55.401 - DEBUG - Computing EURUSD high and low windows for: 2024-08-06
05/02/2025 15:01:55.451 - DEBUG - For 2024-08-06 found 19 windows containing the high
05/02/2025 15:01:55.451 - DEBUG - For 2024-08-06, found 18 windows containing the low
05/02/2025 15:01:55.451 - DEBUG - Computing EURUSD high and low windows for: 2024-08-07
05/02/2025 15:01:55.517 - DEBUG - For 2024-08-07 found 18 windows containing the high
05/02/2025 15:01:55.517 - DEBUG - For 2024-08-07, found 18 windows containing the low
05/02/2025 15:01:55.517 - DEBUG - Computing EURUSD high and low windows for: 2024-08-08
05/02/2025 15:01:55.570 - DEBUG - For 2024-08-08 found 18 windows containing the high
05/02/2025 15:01:55.571 - DEBUG - For 2024-08-08, found 18 windows containing the low
05/02/2025 15:01:55.571 - DEBUG - Computing EURUSD high and low windows for: 2024-08-09
05/02/2025 15:01:55.617 - DEBUG - For 2024-08-09 found 18 windows containing the high
05/02/2025 15:01:55.617 - DEBUG - For 2024-08-09, found 19 windows containing the low
05/02/2025 15:01:55.617 - DEBUG - Computing EURUSD high and low windows for: 2024-08-12
05/02/2025 15:01:55.672 - DEBUG - For 2024-08-12 found 18 windows containing the high
05/02/2025 15:01:55.672 - DEBUG - For 2024-08-12, found 17 windows containing the low
05/02/2025 15:01:55.672 - DEBUG - Computing EURUSD high and low windows for: 2024-08-13
05/02/2025 15:01:55.734 - DEBUG - For 2024-08-13 found 18 windows containing the high
05/02/2025 15:01:55.734 - DEBUG - For 2024-08-13, found 18 windows containing the low
05/02/2025 15:01:55.734 - DEBUG - Computing EURUSD high and low windows for: 2024-08-14
05/02/2025 15:01:55.800 - DEBUG - For 2024-08-14 found 18 windows containing the high
05/02/2025 15:01:55.800 - DEBUG - For 2024-08-14, found 2 windows containing the low
05/02/2025 15:01:55.800 - DEBUG - Computing EURUSD high and low windows for: 2024-08-15
05/02/2025 15:01:55.863 - DEBUG - For 2024-08-15 found 31 windows containing the high
05/02/2025 15:01:55.864 - DEBUG - For 2024-08-15, found 18 windows containing the low
05/02/2025 15:01:55.864 - DEBUG - Computing EURUSD high and low windows for: 2024-08-16
05/02/2025 15:01:55.917 - DEBUG - For 2024-08-16 found 1 windows containing the high
05/02/2025 15:01:55.917 - DEBUG - For 2024-08-16, found 1 windows containing the low
05/02/2025 15:01:55.917 - DEBUG - Computing EURUSD high and low windows for: 2024-08-19
05/02/2025 15:01:55.967 - DEBUG - For 2024-08-19 found 15 windows containing the high
05/02/2025 15:01:55.967 - DEBUG - For 2024-08-19, found 18 windows containing the low
05/02/2025 15:01:55.967 - DEBUG - Computing EURUSD high and low windows for: 2024-08-20
05/02/2025 15:01:56.035 - DEBUG - For 2024-08-20 found 1 windows containing the high
05/02/2025 15:01:56.049 - DEBUG - For 2024-08-20, found 18 windows containing the low
05/02/2025 15:01:56.050 - DEBUG - Computing EURUSD high and low windows for: 2024-08-21
05/02/2025 15:01:56.103 - DEBUG - For 2024-08-21 found 18 windows containing the high
05/02/2025 15:01:56.116 - DEBUG - For 2024-08-21, found 18 windows containing the low
05/02/2025 15:01:56.117 - DEBUG - Computing EURUSD high and low windows for: 2024-08-22
05/02/2025 15:01:56.185 - DEBUG - For 2024-08-22 found 18 windows containing the high
05/02/2025 15:01:56.185 - DEBUG - For 2024-08-22, found 18 windows containing the low
05/02/2025 15:01:56.185 - DEBUG - Computing EURUSD high and low windows for: 2024-08-23
05/02/2025 15:01:56.277 - DEBUG - For 2024-08-23 found 18 windows containing the high
05/02/2025 15:01:56.278 - DEBUG - For 2024-08-23, found 1 windows containing the low
05/02/2025 15:01:56.278 - DEBUG - Computing EURUSD high and low windows for: 2024-08-26
05/02/2025 15:01:56.334 - DEBUG - For 2024-08-26 found 18 windows containing the high
05/02/2025 15:01:56.334 - DEBUG - For 2024-08-26, found 18 windows containing the low
05/02/2025 15:01:56.334 - DEBUG - Computing EURUSD high and low windows for: 2024-08-27
05/02/2025 15:01:56.401 - DEBUG - For 2024-08-27 found 18 windows containing the high
05/02/2025 15:01:56.401 - DEBUG - For 2024-08-27, found 18 windows containing the low
05/02/2025 15:01:56.401 - DEBUG - Computing EURUSD high and low windows for: 2024-08-28
05/02/2025 15:01:56.451 - DEBUG - For 2024-08-28 found 8 windows containing the high
05/02/2025 15:01:56.451 - DEBUG - For 2024-08-28, found 18 windows containing the low
05/02/2025 15:01:56.451 - DEBUG - Computing EURUSD high and low windows for: 2024-08-29
05/02/2025 15:01:56.516 - DEBUG - For 2024-08-29 found 18 windows containing the high
05/02/2025 15:01:56.516 - DEBUG - For 2024-08-29, found 18 windows containing the low
05/02/2025 15:01:56.516 - DEBUG - Computing EURUSD high and low windows for: 2024-08-30
05/02/2025 15:01:56.576 - DEBUG - For 2024-08-30 found 18 windows containing the high
05/02/2025 15:01:56.577 - DEBUG - For 2024-08-30, found 18 windows containing the low
05/02/2025 15:01:56.578 - DEBUG - Computing EURUSD high and low windows for: 2024-09-03
05/02/2025 15:01:56.634 - DEBUG - For 2024-09-03 found 14 windows containing the high
05/02/2025 15:01:56.634 - DEBUG - For 2024-09-03, found 18 windows containing the low
05/02/2025 15:01:56.634 - DEBUG - Computing EURUSD high and low windows for: 2024-09-04
05/02/2025 15:01:56.689 - DEBUG - For 2024-09-04 found 18 windows containing the high
05/02/2025 15:01:56.689 - DEBUG - For 2024-09-04, found 1 windows containing the low
05/02/2025 15:01:56.689 - DEBUG - Computing EURUSD high and low windows for: 2024-09-05
05/02/2025 15:01:56.750 - DEBUG - For 2024-09-05 found 18 windows containing the high
05/02/2025 15:01:56.750 - DEBUG - For 2024-09-05, found 19 windows containing the low
05/02/2025 15:01:56.750 - DEBUG - Computing EURUSD high and low windows for: 2024-09-06
05/02/2025 15:01:56.817 - DEBUG - For 2024-09-06 found 18 windows containing the high
05/02/2025 15:01:56.817 - DEBUG - For 2024-09-06, found 18 windows containing the low
05/02/2025 15:01:56.817 - DEBUG - Computing EURUSD high and low windows for: 2024-09-09
05/02/2025 15:01:56.879 - DEBUG - For 2024-09-09 found 28 windows containing the high
05/02/2025 15:01:56.880 - DEBUG - For 2024-09-09, found 1 windows containing the low
05/02/2025 15:01:56.880 - DEBUG - Computing EURUSD high and low windows for: 2024-09-10
05/02/2025 15:01:56.934 - DEBUG - For 2024-09-10 found 18 windows containing the high
05/02/2025 15:01:56.934 - DEBUG - For 2024-09-10, found 18 windows containing the low
05/02/2025 15:01:56.934 - DEBUG - Computing EURUSD high and low windows for: 2024-09-11
05/02/2025 15:01:56.983 - DEBUG - For 2024-09-11 found 18 windows containing the high
05/02/2025 15:01:56.983 - DEBUG - For 2024-09-11, found 18 windows containing the low
05/02/2025 15:01:56.983 - DEBUG - Computing EURUSD high and low windows for: 2024-09-12
05/02/2025 15:01:57.045 - DEBUG - For 2024-09-12 found 7 windows containing the high
05/02/2025 15:01:57.046 - DEBUG - For 2024-09-12, found 18 windows containing the low
05/02/2025 15:01:57.047 - DEBUG - Computing EURUSD high and low windows for: 2024-09-13
05/02/2025 15:01:57.090 - DEBUG - For 2024-09-13 found 18 windows containing the high
05/02/2025 15:01:57.099 - DEBUG - For 2024-09-13, found 1 windows containing the low
05/02/2025 15:01:57.100 - DEBUG - Computing EURUSD high and low windows for: 2024-09-16
05/02/2025 15:01:57.151 - DEBUG - For 2024-09-16 found 18 windows containing the high
05/02/2025 15:01:57.151 - DEBUG - For 2024-09-16, found 8 windows containing the low
05/02/2025 15:01:57.151 - DEBUG - Computing EURUSD high and low windows for: 2024-09-17
05/02/2025 15:01:57.223 - DEBUG - For 2024-09-17 found 18 windows containing the high
05/02/2025 15:01:57.224 - DEBUG - For 2024-09-17, found 18 windows containing the low
05/02/2025 15:01:57.225 - DEBUG - Computing EURUSD high and low windows for: 2024-09-18
05/02/2025 15:01:57.284 - DEBUG - For 2024-09-18 found 18 windows containing the high
05/02/2025 15:01:57.284 - DEBUG - For 2024-09-18, found 14 windows containing the low
05/02/2025 15:01:57.284 - DEBUG - Computing EURUSD high and low windows for: 2024-09-19
05/02/2025 15:01:57.352 - DEBUG - For 2024-09-19 found 20 windows containing the high
05/02/2025 15:01:57.352 - DEBUG - For 2024-09-19, found 18 windows containing the low
05/02/2025 15:01:57.352 - DEBUG - Computing EURUSD high and low windows for: 2024-09-20
05/02/2025 15:01:57.417 - DEBUG - For 2024-09-20 found 18 windows containing the high
05/02/2025 15:01:57.417 - DEBUG - For 2024-09-20, found 18 windows containing the low
05/02/2025 15:01:57.417 - DEBUG - Computing EURUSD high and low windows for: 2024-09-23
05/02/2025 15:01:57.484 - DEBUG - For 2024-09-23 found 18 windows containing the high
05/02/2025 15:01:57.485 - DEBUG - For 2024-09-23, found 18 windows containing the low
05/02/2025 15:01:57.486 - DEBUG - Computing EURUSD high and low windows for: 2024-09-24
05/02/2025 15:01:57.534 - DEBUG - For 2024-09-24 found 1 windows containing the high
05/02/2025 15:01:57.534 - DEBUG - For 2024-09-24, found 18 windows containing the low
05/02/2025 15:01:57.534 - DEBUG - Computing EURUSD high and low windows for: 2024-09-25
05/02/2025 15:01:57.602 - DEBUG - For 2024-09-25 found 18 windows containing the high
05/02/2025 15:01:57.602 - DEBUG - For 2024-09-25, found 19 windows containing the low
05/02/2025 15:01:57.602 - DEBUG - Computing EURUSD high and low windows for: 2024-09-26
05/02/2025 15:01:57.670 - DEBUG - For 2024-09-26 found 18 windows containing the high
05/02/2025 15:01:57.671 - DEBUG - For 2024-09-26, found 18 windows containing the low
05/02/2025 15:01:57.671 - DEBUG - Computing EURUSD high and low windows for: 2024-09-27
05/02/2025 15:01:57.733 - DEBUG - For 2024-09-27 found 18 windows containing the high
05/02/2025 15:01:57.733 - DEBUG - For 2024-09-27, found 18 windows containing the low
05/02/2025 15:01:57.733 - DEBUG - Computing EURUSD high and low windows for: 2024-09-30
05/02/2025 15:01:57.784 - DEBUG - For 2024-09-30 found 18 windows containing the high
05/02/2025 15:01:57.784 - DEBUG - For 2024-09-30, found 18 windows containing the low
05/02/2025 15:01:57.784 - DEBUG - Computing EURUSD high and low windows for: 2024-10-01
05/02/2025 15:01:57.853 - DEBUG - For 2024-10-01 found 18 windows containing the high
05/02/2025 15:01:57.854 - DEBUG - For 2024-10-01, found 18 windows containing the low
05/02/2025 15:01:57.855 - DEBUG - Computing EURUSD high and low windows for: 2024-10-02
05/02/2025 15:01:57.916 - DEBUG - For 2024-10-02 found 18 windows containing the high
05/02/2025 15:01:57.916 - DEBUG - For 2024-10-02, found 18 windows containing the low
05/02/2025 15:01:57.916 - DEBUG - Computing EURUSD high and low windows for: 2024-10-03
05/02/2025 15:01:57.967 - DEBUG - For 2024-10-03 found 13 windows containing the high
05/02/2025 15:01:57.967 - DEBUG - For 2024-10-03, found 18 windows containing the low
05/02/2025 15:01:57.967 - DEBUG - Computing EURUSD high and low windows for: 2024-10-04
05/02/2025 15:01:58.053 - DEBUG - For 2024-10-04 found 18 windows containing the high
05/02/2025 15:01:58.053 - DEBUG - For 2024-10-04, found 18 windows containing the low
05/02/2025 15:01:58.053 - DEBUG - Computing EURUSD high and low windows for: 2024-10-07
05/02/2025 15:01:58.112 - DEBUG - For 2024-10-07 found 18 windows containing the high
05/02/2025 15:01:58.113 - DEBUG - For 2024-10-07, found 18 windows containing the low
05/02/2025 15:01:58.114 - DEBUG - Computing EURUSD high and low windows for: 2024-10-08
05/02/2025 15:01:58.168 - DEBUG - For 2024-10-08 found 18 windows containing the high
05/02/2025 15:01:58.168 - DEBUG - For 2024-10-08, found 19 windows containing the low
05/02/2025 15:01:58.168 - DEBUG - Computing EURUSD high and low windows for: 2024-10-09
05/02/2025 15:01:58.234 - DEBUG - For 2024-10-09 found 18 windows containing the high
05/02/2025 15:01:58.234 - DEBUG - For 2024-10-09, found 18 windows containing the low
05/02/2025 15:01:58.234 - DEBUG - Computing EURUSD high and low windows for: 2024-10-10
05/02/2025 15:01:58.302 - DEBUG - For 2024-10-10 found 18 windows containing the high
05/02/2025 15:01:58.303 - DEBUG - For 2024-10-10, found 18 windows containing the low
05/02/2025 15:01:58.303 - DEBUG - Computing EURUSD high and low windows for: 2024-10-11
05/02/2025 15:01:58.367 - DEBUG - For 2024-10-11 found 18 windows containing the high
05/02/2025 15:01:58.367 - DEBUG - For 2024-10-11, found 1 windows containing the low
05/02/2025 15:01:58.367 - DEBUG - Computing EURUSD high and low windows for: 2024-10-14
05/02/2025 15:01:58.435 - DEBUG - For 2024-10-14 found 18 windows containing the high
05/02/2025 15:01:58.436 - DEBUG - For 2024-10-14, found 18 windows containing the low
05/02/2025 15:01:58.436 - DEBUG - Computing EURUSD high and low windows for: 2024-10-15
05/02/2025 15:01:58.484 - DEBUG - For 2024-10-15 found 18 windows containing the high
05/02/2025 15:01:58.484 - DEBUG - For 2024-10-15, found 18 windows containing the low
05/02/2025 15:01:58.484 - DEBUG - Computing EURUSD high and low windows for: 2024-10-16
05/02/2025 15:01:58.540 - DEBUG - For 2024-10-16 found 18 windows containing the high
05/02/2025 15:01:58.551 - DEBUG - For 2024-10-16, found 18 windows containing the low
05/02/2025 15:01:58.551 - DEBUG - Computing EURUSD high and low windows for: 2024-10-17
05/02/2025 15:01:58.600 - DEBUG - For 2024-10-17 found 18 windows containing the high
05/02/2025 15:01:58.600 - DEBUG - For 2024-10-17, found 18 windows containing the low
05/02/2025 15:01:58.600 - DEBUG - Computing EURUSD high and low windows for: 2024-10-18
05/02/2025 15:01:58.716 - DEBUG - For 2024-10-18 found 6 windows containing the high
05/02/2025 15:01:58.716 - DEBUG - For 2024-10-18, found 1 windows containing the low
05/02/2025 15:01:58.716 - DEBUG - Computing EURUSD high and low windows for: 2024-10-21
05/02/2025 15:01:58.767 - DEBUG - For 2024-10-21 found 13 windows containing the high
05/02/2025 15:01:58.767 - DEBUG - For 2024-10-21, found 18 windows containing the low
05/02/2025 15:01:58.767 - DEBUG - Computing EURUSD high and low windows for: 2024-10-22
05/02/2025 15:01:58.850 - DEBUG - For 2024-10-22 found 18 windows containing the high
05/02/2025 15:01:58.850 - DEBUG - For 2024-10-22, found 12 windows containing the low
05/02/2025 15:01:58.850 - DEBUG - Computing EURUSD high and low windows for: 2024-10-23
05/02/2025 15:01:58.909 - DEBUG - For 2024-10-23 found 18 windows containing the high
05/02/2025 15:01:58.910 - DEBUG - For 2024-10-23, found 18 windows containing the low
05/02/2025 15:01:58.911 - DEBUG - Computing EURUSD high and low windows for: 2024-10-24
05/02/2025 15:01:58.969 - DEBUG - For 2024-10-24 found 10 windows containing the high
05/02/2025 15:01:58.969 - DEBUG - For 2024-10-24, found 18 windows containing the low
05/02/2025 15:01:58.969 - DEBUG - Computing EURUSD high and low windows for: 2024-10-25
05/02/2025 15:01:59.034 - DEBUG - For 2024-10-25 found 19 windows containing the high
05/02/2025 15:01:59.034 - DEBUG - For 2024-10-25, found 16 windows containing the low
05/02/2025 15:01:59.034 - DEBUG - Computing EURUSD high and low windows for: 2024-10-28
05/02/2025 15:01:59.093 - DEBUG - For 2024-10-28 found 18 windows containing the high
05/02/2025 15:01:59.094 - DEBUG - For 2024-10-28, found 18 windows containing the low
05/02/2025 15:01:59.095 - DEBUG - Computing EURUSD high and low windows for: 2024-10-29
05/02/2025 15:01:59.151 - DEBUG - For 2024-10-29 found 18 windows containing the high
05/02/2025 15:01:59.151 - DEBUG - For 2024-10-29, found 18 windows containing the low
05/02/2025 15:01:59.151 - DEBUG - Computing EURUSD high and low windows for: 2024-10-30
05/02/2025 15:01:59.204 - DEBUG - For 2024-10-30 found 18 windows containing the high
05/02/2025 15:01:59.204 - DEBUG - For 2024-10-30, found 18 windows containing the low
05/02/2025 15:01:59.204 - DEBUG - Computing EURUSD high and low windows for: 2024-10-31
05/02/2025 15:01:59.266 - DEBUG - For 2024-10-31 found 19 windows containing the high
05/02/2025 15:01:59.266 - DEBUG - For 2024-10-31, found 18 windows containing the low
05/02/2025 15:01:59.266 - DEBUG - Computing EURUSD high and low windows for: 2024-11-01
05/02/2025 15:01:59.322 - DEBUG - For 2024-11-01 found 18 windows containing the high
05/02/2025 15:01:59.322 - DEBUG - For 2024-11-01, found 18 windows containing the low
05/02/2025 15:01:59.322 - DEBUG - Computing EURUSD high and low windows for: 2024-11-04
05/02/2025 15:01:59.394 - DEBUG - For 2024-11-04 found 18 windows containing the high
05/02/2025 15:01:59.394 - DEBUG - For 2024-11-04, found 18 windows containing the low
05/02/2025 15:01:59.395 - DEBUG - Computing EURUSD high and low windows for: 2024-11-05
05/02/2025 15:01:59.433 - DEBUG - For 2024-11-05 found 18 windows containing the high
05/02/2025 15:01:59.449 - DEBUG - For 2024-11-05, found 18 windows containing the low
05/02/2025 15:01:59.449 - DEBUG - Computing EURUSD high and low windows for: 2024-11-06
05/02/2025 15:01:59.483 - DEBUG - For 2024-11-06 found 18 windows containing the high
05/02/2025 15:01:59.499 - DEBUG - For 2024-11-06, found 18 windows containing the low
05/02/2025 15:01:59.500 - DEBUG - Computing EURUSD high and low windows for: 2024-11-07
05/02/2025 15:01:59.551 - DEBUG - For 2024-11-07 found 18 windows containing the high
05/02/2025 15:01:59.551 - DEBUG - For 2024-11-07, found 18 windows containing the low
05/02/2025 15:01:59.551 - DEBUG - Computing EURUSD high and low windows for: 2024-11-08
05/02/2025 15:01:59.600 - DEBUG - For 2024-11-08 found 10 windows containing the high
05/02/2025 15:01:59.600 - DEBUG - For 2024-11-08, found 18 windows containing the low
05/02/2025 15:01:59.600 - DEBUG - Computing EURUSD high and low windows for: 2024-11-11
05/02/2025 15:01:59.651 - DEBUG - For 2024-11-11 found 18 windows containing the high
05/02/2025 15:01:59.651 - DEBUG - For 2024-11-11, found 18 windows containing the low
05/02/2025 15:01:59.651 - DEBUG - Computing EURUSD high and low windows for: 2024-11-12
05/02/2025 15:01:59.708 - DEBUG - For 2024-11-12 found 18 windows containing the high
05/02/2025 15:01:59.708 - DEBUG - For 2024-11-12, found 20 windows containing the low
05/02/2025 15:01:59.715 - DEBUG - Computing EURUSD high and low windows for: 2024-11-13
05/02/2025 15:01:59.815 - DEBUG - For 2024-11-13 found 18 windows containing the high
05/02/2025 15:01:59.815 - DEBUG - For 2024-11-13, found 18 windows containing the low
05/02/2025 15:01:59.815 - DEBUG - Computing EURUSD high and low windows for: 2024-11-14
05/02/2025 15:01:59.850 - DEBUG - For 2024-11-14 found 18 windows containing the high
05/02/2025 15:01:59.866 - DEBUG - For 2024-11-14, found 18 windows containing the low
05/02/2025 15:01:59.867 - DEBUG - Computing EURUSD high and low windows for: 2024-11-15
05/02/2025 15:01:59.918 - DEBUG - For 2024-11-15 found 18 windows containing the high
05/02/2025 15:01:59.918 - DEBUG - For 2024-11-15, found 17 windows containing the low
05/02/2025 15:01:59.918 - DEBUG - Computing EURUSD high and low windows for: 2024-11-18
05/02/2025 15:01:59.967 - DEBUG - For 2024-11-18 found 18 windows containing the high
05/02/2025 15:01:59.967 - DEBUG - For 2024-11-18, found 9 windows containing the low
05/02/2025 15:01:59.967 - DEBUG - Computing EURUSD high and low windows for: 2024-11-19
05/02/2025 15:02:00.022 - DEBUG - For 2024-11-19 found 18 windows containing the high
05/02/2025 15:02:00.022 - DEBUG - For 2024-11-19, found 18 windows containing the low
05/02/2025 15:02:00.032 - DEBUG - Computing EURUSD high and low windows for: 2024-11-20
05/02/2025 15:02:00.083 - DEBUG - For 2024-11-20 found 18 windows containing the high
05/02/2025 15:02:00.083 - DEBUG - For 2024-11-20, found 18 windows containing the low
05/02/2025 15:02:00.083 - DEBUG - Computing EURUSD high and low windows for: 2024-11-21
05/02/2025 15:02:00.139 - DEBUG - For 2024-11-21 found 18 windows containing the high
05/02/2025 15:02:00.139 - DEBUG - For 2024-11-21, found 19 windows containing the low
05/02/2025 15:02:00.139 - DEBUG - Computing EURUSD high and low windows for: 2024-11-22
05/02/2025 15:02:00.190 - DEBUG - For 2024-11-22 found 18 windows containing the high
05/02/2025 15:02:00.190 - DEBUG - For 2024-11-22, found 18 windows containing the low
05/02/2025 15:02:00.190 - DEBUG - Computing EURUSD high and low windows for: 2024-11-25
05/02/2025 15:02:00.250 - DEBUG - For 2024-11-25 found 18 windows containing the high
05/02/2025 15:02:00.250 - DEBUG - For 2024-11-25, found 18 windows containing the low
05/02/2025 15:02:00.250 - DEBUG - Computing EURUSD high and low windows for: 2024-11-26
05/02/2025 15:02:00.301 - DEBUG - For 2024-11-26 found 22 windows containing the high
05/02/2025 15:02:00.301 - DEBUG - For 2024-11-26, found 18 windows containing the low
05/02/2025 15:02:00.301 - DEBUG - Computing EURUSD high and low windows for: 2024-11-27
05/02/2025 15:02:00.350 - DEBUG - For 2024-11-27 found 18 windows containing the high
05/02/2025 15:02:00.350 - DEBUG - For 2024-11-27, found 18 windows containing the low
05/02/2025 15:02:00.350 - DEBUG - Computing EURUSD high and low windows for: 2024-11-29
05/02/2025 15:02:00.405 - DEBUG - For 2024-11-29 found 18 windows containing the high
05/02/2025 15:02:00.405 - DEBUG - For 2024-11-29, found 19 windows containing the low
05/02/2025 15:02:00.405 - DEBUG - Computing EURUSD high and low windows for: 2024-12-02
05/02/2025 15:02:00.466 - DEBUG - For 2024-12-02 found 7 windows containing the high
05/02/2025 15:02:00.466 - DEBUG - For 2024-12-02, found 18 windows containing the low
05/02/2025 15:02:00.466 - DEBUG - Computing EURUSD high and low windows for: 2024-12-03
05/02/2025 15:02:00.517 - DEBUG - For 2024-12-03 found 18 windows containing the high
05/02/2025 15:02:00.517 - DEBUG - For 2024-12-03, found 18 windows containing the low
05/02/2025 15:02:00.517 - DEBUG - Computing EURUSD high and low windows for: 2024-12-04
05/02/2025 15:02:00.566 - DEBUG - For 2024-12-04 found 18 windows containing the high
05/02/2025 15:02:00.566 - DEBUG - For 2024-12-04, found 18 windows containing the low
05/02/2025 15:02:00.566 - DEBUG - Computing EURUSD high and low windows for: 2024-12-05
05/02/2025 15:02:00.618 - DEBUG - For 2024-12-05 found 18 windows containing the high
05/02/2025 15:02:00.618 - DEBUG - For 2024-12-05, found 1 windows containing the low
05/02/2025 15:02:00.618 - DEBUG - Computing EURUSD high and low windows for: 2024-12-06
05/02/2025 15:02:00.673 - DEBUG - For 2024-12-06 found 18 windows containing the high
05/02/2025 15:02:00.673 - DEBUG - For 2024-12-06, found 18 windows containing the low
05/02/2025 15:02:00.673 - DEBUG - Computing EURUSD high and low windows for: 2024-12-09
05/02/2025 15:02:00.717 - DEBUG - For 2024-12-09 found 18 windows containing the high
05/02/2025 15:02:00.732 - DEBUG - For 2024-12-09, found 18 windows containing the low
05/02/2025 15:02:00.735 - DEBUG - Computing EURUSD high and low windows for: 2024-12-10
05/02/2025 15:02:00.800 - DEBUG - For 2024-12-10 found 18 windows containing the high
05/02/2025 15:02:00.800 - DEBUG - For 2024-12-10, found 18 windows containing the low
05/02/2025 15:02:00.800 - DEBUG - Computing EURUSD high and low windows for: 2024-12-11
05/02/2025 15:02:00.852 - DEBUG - For 2024-12-11 found 18 windows containing the high
05/02/2025 15:02:00.852 - DEBUG - For 2024-12-11, found 19 windows containing the low
05/02/2025 15:02:00.852 - DEBUG - Computing EURUSD high and low windows for: 2024-12-12
05/02/2025 15:02:00.917 - DEBUG - For 2024-12-12 found 18 windows containing the high
05/02/2025 15:02:00.917 - DEBUG - For 2024-12-12, found 18 windows containing the low
05/02/2025 15:02:00.917 - DEBUG - Computing EURUSD high and low windows for: 2024-12-13
05/02/2025 15:02:00.990 - DEBUG - For 2024-12-13 found 18 windows containing the high
05/02/2025 15:02:00.991 - DEBUG - For 2024-12-13, found 18 windows containing the low
05/02/2025 15:02:00.991 - DEBUG - Computing EURUSD high and low windows for: 2024-12-16
05/02/2025 15:02:01.034 - DEBUG - For 2024-12-16 found 18 windows containing the high
05/02/2025 15:02:01.034 - DEBUG - For 2024-12-16, found 18 windows containing the low
05/02/2025 15:02:01.034 - DEBUG - Computing EURUSD high and low windows for: 2024-12-17
05/02/2025 15:02:01.088 - DEBUG - For 2024-12-17 found 0 windows containing the high
05/02/2025 15:02:01.089 - DEBUG - For 2024-12-17, found 0 windows containing the low
05/02/2025 15:02:01.089 - DEBUG - Computing EURUSD high and low windows for: 2024-12-18
05/02/2025 15:02:01.118 - DEBUG - For 2024-12-18 found 0 windows containing the high
05/02/2025 15:02:01.118 - DEBUG - For 2024-12-18, found 0 windows containing the low
05/02/2025 15:02:01.118 - DEBUG - Computing EURUSD high and low windows for: 2024-12-19
05/02/2025 15:02:01.151 - DEBUG - For 2024-12-19 found 0 windows containing the high
05/02/2025 15:02:01.151 - DEBUG - For 2024-12-19, found 0 windows containing the low
05/02/2025 15:02:01.161 - DEBUG - Computing EURUSD high and low windows for: 2024-12-20
05/02/2025 15:02:01.189 - DEBUG - For 2024-12-20 found 0 windows containing the high
05/02/2025 15:02:01.189 - DEBUG - For 2024-12-20, found 0 windows containing the low
05/02/2025 15:02:01.189 - DEBUG - Computing EURUSD high and low windows for: 2024-12-23
05/02/2025 15:02:01.222 - DEBUG - For 2024-12-23 found 0 windows containing the high
05/02/2025 15:02:01.222 - DEBUG - For 2024-12-23, found 0 windows containing the low
05/02/2025 15:02:01.231 - DEBUG - Computing EURUSD high and low windows for: 2024-12-24
05/02/2025 15:02:01.250 - DEBUG - For 2024-12-24 found 0 windows containing the high
05/02/2025 15:02:01.250 - DEBUG - For 2024-12-24, found 0 windows containing the low
05/02/2025 15:02:01.266 - DEBUG - Computing EURUSD high and low windows for: 2024-12-26
05/02/2025 15:02:01.307 - DEBUG - For 2024-12-26 found 0 windows containing the high
05/02/2025 15:02:01.307 - DEBUG - For 2024-12-26, found 0 windows containing the low
05/02/2025 15:02:01.307 - DEBUG - Computing EURUSD high and low windows for: 2024-12-27
05/02/2025 15:02:01.351 - DEBUG - For 2024-12-27 found 0 windows containing the high
05/02/2025 15:02:01.351 - DEBUG - For 2024-12-27, found 0 windows containing the low
05/02/2025 15:02:01.351 - DEBUG - Computing EURUSD high and low windows for: 2024-12-30
05/02/2025 15:02:01.384 - DEBUG - For 2024-12-30 found 0 windows containing the high
05/02/2025 15:02:01.384 - DEBUG - For 2024-12-30, found 0 windows containing the low
05/02/2025 15:02:01.384 - DEBUG - Computing EURUSD high and low windows for: 2024-12-31
05/02/2025 15:02:01.435 - DEBUG - For 2024-12-31 found 0 windows containing the high
05/02/2025 15:02:01.436 - DEBUG - For 2024-12-31, found 0 windows containing the low
05/02/2025 15:02:01.436 - DEBUG - Computing EURUSD high and low windows for: 2025-01-02
05/02/2025 15:02:01.473 - DEBUG - For 2025-01-02 found 0 windows containing the high
05/02/2025 15:02:01.473 - DEBUG - For 2025-01-02, found 0 windows containing the low
05/02/2025 15:02:01.473 - DEBUG - Computing EURUSD high and low windows for: 2025-01-03
05/02/2025 15:02:01.515 - DEBUG - For 2025-01-03 found 0 windows containing the high
05/02/2025 15:02:01.516 - DEBUG - For 2025-01-03, found 0 windows containing the low
05/02/2025 15:02:01.517 - DEBUG - Computing EURUSD high and low windows for: 2025-01-06
05/02/2025 15:02:01.553 - DEBUG - For 2025-01-06 found 0 windows containing the high
05/02/2025 15:02:01.554 - DEBUG - For 2025-01-06, found 0 windows containing the low
05/02/2025 15:02:01.554 - DEBUG - Computing EURUSD high and low windows for: 2025-01-07
05/02/2025 15:02:01.584 - DEBUG - For 2025-01-07 found 0 windows containing the high
05/02/2025 15:02:01.584 - DEBUG - For 2025-01-07, found 0 windows containing the low
05/02/2025 15:02:01.584 - DEBUG - Computing EURUSD high and low windows for: 2025-01-08
05/02/2025 15:02:01.623 - DEBUG - For 2025-01-08 found 0 windows containing the high
05/02/2025 15:02:01.623 - DEBUG - For 2025-01-08, found 0 windows containing the low
05/02/2025 15:02:01.623 - DEBUG - Computing EURUSD high and low windows for: 2025-01-10
05/02/2025 15:02:01.655 - DEBUG - For 2025-01-10 found 0 windows containing the high
05/02/2025 15:02:01.663 - DEBUG - For 2025-01-10, found 0 windows containing the low
05/02/2025 15:02:01.663 - DEBUG - Computing EURUSD high and low windows for: 2025-01-13
05/02/2025 15:02:01.689 - DEBUG - For 2025-01-13 found 0 windows containing the high
05/02/2025 15:02:01.689 - DEBUG - For 2025-01-13, found 0 windows containing the low
05/02/2025 15:02:01.689 - DEBUG - Computing EURUSD high and low windows for: 2025-01-14
05/02/2025 15:02:01.735 - DEBUG - For 2025-01-14 found 0 windows containing the high
05/02/2025 15:02:01.736 - DEBUG - For 2025-01-14, found 0 windows containing the low
05/02/2025 15:02:01.736 - DEBUG - Computing EURUSD high and low windows for: 2025-01-15
05/02/2025 15:02:01.782 - DEBUG - For 2025-01-15 found 0 windows containing the high
05/02/2025 15:02:01.783 - DEBUG - For 2025-01-15, found 0 windows containing the low
05/02/2025 15:02:01.784 - DEBUG - Computing EURUSD high and low windows for: 2025-01-16
05/02/2025 15:02:01.823 - DEBUG - For 2025-01-16 found 0 windows containing the high
05/02/2025 15:02:01.823 - DEBUG - For 2025-01-16, found 0 windows containing the low
05/02/2025 15:02:01.823 - DEBUG - Computing EURUSD high and low windows for: 2025-01-17
05/02/2025 15:02:01.856 - DEBUG - For 2025-01-17 found 0 windows containing the high
05/02/2025 15:02:01.856 - DEBUG - For 2025-01-17, found 0 windows containing the low
05/02/2025 15:02:01.856 - DEBUG - Computing EURUSD high and low windows for: 2025-01-21
05/02/2025 15:02:01.904 - DEBUG - For 2025-01-21 found 0 windows containing the high
05/02/2025 15:02:01.905 - DEBUG - For 2025-01-21, found 0 windows containing the low
05/02/2025 15:02:01.906 - DEBUG - Computing EURUSD high and low windows for: 2025-01-22
05/02/2025 15:02:01.934 - DEBUG - For 2025-01-22 found 0 windows containing the high
05/02/2025 15:02:01.934 - DEBUG - For 2025-01-22, found 0 windows containing the low
05/02/2025 15:02:01.934 - DEBUG - Computing EURUSD high and low windows for: 2025-01-23
05/02/2025 15:02:01.973 - DEBUG - For 2025-01-23 found 0 windows containing the high
05/02/2025 15:02:01.973 - DEBUG - For 2025-01-23, found 0 windows containing the low
05/02/2025 15:02:01.973 - DEBUG - Computing EURUSD high and low windows for: 2025-01-24
05/02/2025 15:02:02.017 - DEBUG - For 2025-01-24 found 0 windows containing the high
05/02/2025 15:02:02.017 - DEBUG - For 2025-01-24, found 0 windows containing the low
05/02/2025 15:02:02.017 - DEBUG - Computing EURUSD high and low windows for: 2025-01-27
05/02/2025 15:02:02.056 - DEBUG - For 2025-01-27 found 0 windows containing the high
05/02/2025 15:02:02.057 - DEBUG - For 2025-01-27, found 0 windows containing the low
05/02/2025 15:02:02.057 - DEBUG - Computing EURUSD high and low windows for: 2025-01-28
05/02/2025 15:02:02.089 - DEBUG - For 2025-01-28 found 0 windows containing the high
05/02/2025 15:02:02.089 - DEBUG - For 2025-01-28, found 0 windows containing the low
05/02/2025 15:02:02.089 - DEBUG - Computing EURUSD high and low windows for: 2025-01-29
05/02/2025 15:02:02.133 - DEBUG - For 2025-01-29 found 0 windows containing the high
05/02/2025 15:02:02.134 - DEBUG - For 2025-01-29, found 0 windows containing the low
05/02/2025 15:02:02.134 - DEBUG - Computing EURUSD high and low windows for: 2025-01-30
05/02/2025 15:02:02.173 - DEBUG - For 2025-01-30 found 0 windows containing the high
05/02/2025 15:02:02.173 - DEBUG - For 2025-01-30, found 0 windows containing the low
05/02/2025 15:02:02.173 - DEBUG - Computing EURUSD high and low windows for: 2025-01-31
05/02/2025 15:02:02.210 - DEBUG - For 2025-01-31 found 0 windows containing the high
05/02/2025 15:02:02.215 - DEBUG - For 2025-01-31, found 0 windows containing the low
05/02/2025 15:02:02.215 - DEBUG - Computing EURUSD high and low windows for: 2025-02-03
05/02/2025 15:02:02.250 - DEBUG - For 2025-02-03 found 0 windows containing the high
05/02/2025 15:02:02.252 - DEBUG - For 2025-02-03, found 0 windows containing the low
05/02/2025 15:02:02.254 - DEBUG - Exporting empirical distributions to csv
05/02/2025 15:02:02.257 - INFO - Exiting run
