11/03/2025 17:24:09.214 - INFO - Logger initialized
11/03/2025 17:24:09.229 - DEBUG - Successfully logged into MT5 account: 5033797116
11/03/2025 17:24:09.230 - INFO - Successfully initialized MT5API.
11/03/2025 17:24:09.231 - INFO - Starting run for EURUSD
11/03/2025 17:24:09.232 - INFO - Configured run with: 5min tick interval,  EURUSD FX rate, 90min horizon and 1M historical data
11/03/2025 17:24:09.270 - INFO - Fetching market data from MT5 API for EURUSD from 2025-02-10 23:24:09.263930+07:00 to 2025-03-10 23:24:09.263930+07:00.
11/03/2025 17:24:09.281 - INFO - Market data successfully retrieved from MT5 API.
11/03/2025 17:24:09.333 - INFO - Actual date range: 2025-02-11 to 2025-03-11
11/03/2025 17:24:09.339 - INFO - Computing EURUSD high and low windows for: 2025-02-11
11/03/2025 17:24:09.339 - INFO - Trading day: 2025-02-11 15:00:00+07:00 to 2025-02-12 15:00:00+07:00 Asia/Bangkok
11/03/2025 17:24:09.427 - DEBUG - For 2025-02-11 found 19 windows containing the high
11/03/2025 17:24:09.428 - DEBUG - For 2025-02-11, found 29 windows containing the low
11/03/2025 17:24:09.429 - DEBUG - For 2025-02-11, found 48 windows containing the low or high
11/03/2025 17:24:09.431 - INFO - Computing EURUSD high and low windows for: 2025-02-12
11/03/2025 17:24:09.431 - INFO - Trading day: 2025-02-12 15:00:00+07:00 to 2025-02-13 15:00:00+07:00 Asia/Bangkok
11/03/2025 17:24:09.506 - DEBUG - For 2025-02-12 found 18 windows containing the high
11/03/2025 17:24:09.508 - DEBUG - For 2025-02-12, found 21 windows containing the low
11/03/2025 17:24:09.508 - DEBUG - For 2025-02-12, found 39 windows containing the low or high
11/03/2025 17:24:09.508 - INFO - Computing EURUSD high and low windows for: 2025-02-13
11/03/2025 17:24:09.508 - INFO - Trading day: 2025-02-13 15:00:00+07:00 to 2025-02-14 15:00:00+07:00 Asia/Bangkok
11/03/2025 17:24:09.588 - DEBUG - For 2025-02-13 found 101 windows containing the high
11/03/2025 17:24:09.589 - DEBUG - For 2025-02-13, found 38 windows containing the low
11/03/2025 17:24:09.589 - DEBUG - For 2025-02-13, found 139 windows containing the low or high
11/03/2025 17:24:09.590 - INFO - Computing EURUSD high and low windows for: 2025-02-14
11/03/2025 17:24:09.591 - INFO - Trading day: 2025-02-14 15:00:00+07:00 to 2025-02-15 15:00:00+07:00 Asia/Bangkok
11/03/2025 17:24:09.671 - DEBUG - For 2025-02-14 found 36 windows containing the high
11/03/2025 17:24:09.671 - DEBUG - For 2025-02-14, found 8 windows containing the low
11/03/2025 17:24:09.671 - DEBUG - For 2025-02-14, found 44 windows containing the low or high
11/03/2025 17:24:09.671 - INFO - Computing EURUSD high and low windows for: 2025-02-17
11/03/2025 17:24:09.671 - INFO - Trading day: 2025-02-17 15:00:00+07:00 to 2025-02-18 15:00:00+07:00 Asia/Bangkok
11/03/2025 17:24:09.751 - DEBUG - For 2025-02-17 found 19 windows containing the high
11/03/2025 17:24:09.752 - DEBUG - For 2025-02-17, found 18 windows containing the low
11/03/2025 17:24:09.753 - DEBUG - For 2025-02-17, found 37 windows containing the low or high
11/03/2025 17:24:09.753 - INFO - Computing EURUSD high and low windows for: 2025-02-18
11/03/2025 17:24:09.754 - INFO - Trading day: 2025-02-18 15:00:00+07:00 to 2025-02-19 15:00:00+07:00 Asia/Bangkok
11/03/2025 17:24:09.815 - DEBUG - For 2025-02-18 found 96 windows containing the high
11/03/2025 17:24:09.815 - DEBUG - For 2025-02-18, found 32 windows containing the low
11/03/2025 17:24:09.815 - DEBUG - For 2025-02-18, found 128 windows containing the low or high
11/03/2025 17:24:09.815 - INFO - Computing EURUSD high and low windows for: 2025-02-19
11/03/2025 17:24:09.815 - INFO - Trading day: 2025-02-19 15:00:00+07:00 to 2025-02-20 15:00:00+07:00 Asia/Bangkok
11/03/2025 17:24:09.906 - DEBUG - For 2025-02-19 found 23 windows containing the high
11/03/2025 17:24:09.906 - DEBUG - For 2025-02-19, found 28 windows containing the low
11/03/2025 17:24:09.906 - DEBUG - For 2025-02-19, found 51 windows containing the low or high
11/03/2025 17:24:09.906 - INFO - Computing EURUSD high and low windows for: 2025-02-20
11/03/2025 17:24:09.906 - INFO - Trading day: 2025-02-20 15:00:00+07:00 to 2025-02-21 15:00:00+07:00 Asia/Bangkok
11/03/2025 17:24:09.985 - DEBUG - For 2025-02-20 found 107 windows containing the high
11/03/2025 17:24:09.986 - DEBUG - For 2025-02-20, found 22 windows containing the low
11/03/2025 17:24:09.987 - DEBUG - For 2025-02-20, found 129 windows containing the low or high
11/03/2025 17:24:09.988 - INFO - Computing EURUSD high and low windows for: 2025-02-21
11/03/2025 17:24:09.988 - INFO - Trading day: 2025-02-21 15:00:00+07:00 to 2025-02-22 15:00:00+07:00 Asia/Bangkok
11/03/2025 17:24:10.057 - DEBUG - For 2025-02-21 found 24 windows containing the high
11/03/2025 17:24:10.060 - DEBUG - For 2025-02-21, found 75 windows containing the low
11/03/2025 17:24:10.060 - DEBUG - For 2025-02-21, found 99 windows containing the low or high
11/03/2025 17:24:10.062 - INFO - Computing EURUSD high and low windows for: 2025-02-24
11/03/2025 17:24:10.062 - INFO - Trading day: 2025-02-24 15:00:00+07:00 to 2025-02-25 15:00:00+07:00 Asia/Bangkok
11/03/2025 17:24:10.115 - DEBUG - For 2025-02-24 found 16 windows containing the high
11/03/2025 17:24:10.115 - DEBUG - For 2025-02-24, found 20 windows containing the low
11/03/2025 17:24:10.115 - DEBUG - For 2025-02-24, found 36 windows containing the low or high
11/03/2025 17:24:10.115 - INFO - Computing EURUSD high and low windows for: 2025-02-25
11/03/2025 17:24:10.115 - INFO - Trading day: 2025-02-25 15:00:00+07:00 to 2025-02-26 15:00:00+07:00 Asia/Bangkok
11/03/2025 17:24:10.202 - DEBUG - For 2025-02-25 found 46 windows containing the high
11/03/2025 17:24:10.204 - DEBUG - For 2025-02-25, found 26 windows containing the low
11/03/2025 17:24:10.204 - DEBUG - For 2025-02-25, found 72 windows containing the low or high
11/03/2025 17:24:10.204 - INFO - Computing EURUSD high and low windows for: 2025-02-26
11/03/2025 17:24:10.204 - INFO - Trading day: 2025-02-26 15:00:00+07:00 to 2025-02-27 15:00:00+07:00 Asia/Bangkok
11/03/2025 17:24:10.276 - DEBUG - For 2025-02-26 found 20 windows containing the high
11/03/2025 17:24:10.276 - DEBUG - For 2025-02-26, found 19 windows containing the low
11/03/2025 17:24:10.276 - DEBUG - For 2025-02-26, found 39 windows containing the low or high
11/03/2025 17:24:10.276 - INFO - Computing EURUSD high and low windows for: 2025-02-27
11/03/2025 17:24:10.276 - INFO - Trading day: 2025-02-27 15:00:00+07:00 to 2025-02-28 15:00:00+07:00 Asia/Bangkok
11/03/2025 17:24:10.337 - DEBUG - For 2025-02-27 found 54 windows containing the high
11/03/2025 17:24:10.349 - DEBUG - For 2025-02-27, found 47 windows containing the low
11/03/2025 17:24:10.349 - DEBUG - For 2025-02-27, found 101 windows containing the low or high
11/03/2025 17:24:10.349 - INFO - Computing EURUSD high and low windows for: 2025-02-28
11/03/2025 17:24:10.352 - INFO - Trading day: 2025-02-28 15:00:00+07:00 to 2025-03-01 15:00:00+07:00 Asia/Bangkok
11/03/2025 17:24:10.442 - DEBUG - For 2025-02-28 found 47 windows containing the high
11/03/2025 17:24:10.444 - DEBUG - For 2025-02-28, found 47 windows containing the low
11/03/2025 17:24:10.446 - DEBUG - For 2025-02-28, found 94 windows containing the low or high
11/03/2025 17:24:10.446 - INFO - Computing EURUSD high and low windows for: 2025-03-03
11/03/2025 17:24:10.446 - INFO - Trading day: 2025-03-03 15:00:00+07:00 to 2025-03-04 15:00:00+07:00 Asia/Bangkok
11/03/2025 17:24:10.512 - DEBUG - For 2025-03-03 found 55 windows containing the high
11/03/2025 17:24:10.512 - DEBUG - For 2025-03-03, found 24 windows containing the low
11/03/2025 17:24:10.512 - DEBUG - For 2025-03-03, found 79 windows containing the low or high
11/03/2025 17:24:10.514 - INFO - Computing EURUSD high and low windows for: 2025-03-04
11/03/2025 17:24:10.514 - INFO - Trading day: 2025-03-04 15:00:00+07:00 to 2025-03-05 15:00:00+07:00 Asia/Bangkok
11/03/2025 17:24:10.588 - DEBUG - For 2025-03-04 found 23 windows containing the high
11/03/2025 17:24:10.589 - DEBUG - For 2025-03-04, found 20 windows containing the low
11/03/2025 17:24:10.589 - DEBUG - For 2025-03-04, found 43 windows containing the low or high
11/03/2025 17:24:10.590 - INFO - Computing EURUSD high and low windows for: 2025-03-05
11/03/2025 17:24:10.590 - INFO - Trading day: 2025-03-05 15:00:00+07:00 to 2025-03-06 15:00:00+07:00 Asia/Bangkok
11/03/2025 17:24:10.661 - DEBUG - For 2025-03-05 found 25 windows containing the high
11/03/2025 17:24:10.661 - DEBUG - For 2025-03-05, found 12 windows containing the low
11/03/2025 17:24:10.664 - DEBUG - For 2025-03-05, found 37 windows containing the low or high
11/03/2025 17:24:10.665 - INFO - Computing EURUSD high and low windows for: 2025-03-06
11/03/2025 17:24:10.666 - INFO - Trading day: 2025-03-06 15:00:00+07:00 to 2025-03-07 15:00:00+07:00 Asia/Bangkok
11/03/2025 17:24:10.742 - DEBUG - For 2025-03-06 found 20 windows containing the high
11/03/2025 17:24:10.744 - DEBUG - For 2025-03-06, found 20 windows containing the low
11/03/2025 17:24:10.744 - DEBUG - For 2025-03-06, found 40 windows containing the low or high
11/03/2025 17:24:10.744 - INFO - Computing EURUSD high and low windows for: 2025-03-07
11/03/2025 17:24:10.744 - INFO - Trading day: 2025-03-07 15:00:00+07:00 to 2025-03-08 15:00:00+07:00 Asia/Bangkok
11/03/2025 17:24:10.799 - DEBUG - For 2025-03-07 found 39 windows containing the high
11/03/2025 17:24:10.799 - DEBUG - For 2025-03-07, found 3 windows containing the low
11/03/2025 17:24:10.799 - DEBUG - For 2025-03-07, found 42 windows containing the low or high
11/03/2025 17:24:10.799 - INFO - Computing EURUSD high and low windows for: 2025-03-10
11/03/2025 17:24:10.799 - INFO - Trading day: 2025-03-10 15:00:00+07:00 to 2025-03-11 15:00:00+07:00 Asia/Bangkok
11/03/2025 17:24:10.899 - DEBUG - For 2025-03-10 found 20 windows containing the high
11/03/2025 17:24:10.901 - DEBUG - For 2025-03-10, found 31 windows containing the low
11/03/2025 17:24:10.902 - DEBUG - For 2025-03-10, found 47 windows containing the low or high
11/03/2025 17:24:10.903 - INFO - Computing EURUSD high and low windows for: 2025-03-11
11/03/2025 17:24:10.903 - INFO - Trading day: 2025-03-11 15:00:00+07:00 to 2025-03-12 15:00:00+07:00 Asia/Bangkok
11/03/2025 17:24:10.963 - DEBUG - For 2025-03-11 found 0 windows containing the high
11/03/2025 17:24:10.965 - DEBUG - For 2025-03-11, found 0 windows containing the low
11/03/2025 17:24:10.966 - DEBUG - For 2025-03-11, found 0 windows containing the low or high
11/03/2025 17:24:10.969 - INFO - Exporting empirical distributions to csv
11/03/2025 17:24:10.981 - DEBUG - MT5 connection closed
11/03/2025 17:24:10.981 - INFO - MT5API connection closed.
11/03/2025 17:24:10.982 - INFO - Exiting run
