03/02/2025 21:37:42.374 - INFO - Logger initialized
03/02/2025 21:37:42.374 - INFO - Configured run with: 5 minute tick interval,  EUR/USD FX rate, 90 minute horizon and 1 year historical data
03/02/2025 21:37:42.374 - INFO - Reading data from csv
03/02/2025 21:37:42.390 - DEBUG - Date range: 2025-01-09 to 2025-01-31
03/02/2025 21:37:42.408 - DEBUG - Computing high and low windows for: 2025-01-09 03:45:00
03/02/2025 21:37:42.469 - DEBUG - For 2025-01-09 found 18 windows containing the high
03/02/2025 21:37:42.469 - DEBUG - For 2025-01-09, found 18 windows containing the low
03/02/2025 21:37:42.469 - DEBUG - Computing high and low windows for: 2025-01-10 03:45:00
03/02/2025 21:37:42.537 - DEBUG - For 2025-01-10 found 18 windows containing the high
03/02/2025 21:37:42.537 - DEBUG - For 2025-01-10, found 18 windows containing the low
03/02/2025 21:37:42.537 - DEBUG - Computing high and low windows for: 2025-01-13 03:45:00
03/02/2025 21:37:42.629 - DEBUG - For 2025-01-13 found 18 windows containing the high
03/02/2025 21:37:42.629 - DEBUG - For 2025-01-13, found 18 windows containing the low
03/02/2025 21:37:42.629 - DEBUG - Computing high and low windows for: 2025-01-14 03:45:00
03/02/2025 21:37:42.692 - DEBUG - For 2025-01-14 found 18 windows containing the high
03/02/2025 21:37:42.692 - DEBUG - For 2025-01-14, found 18 windows containing the low
03/02/2025 21:37:42.692 - DEBUG - Computing high and low windows for: 2025-01-15 03:45:00
03/02/2025 21:37:42.753 - DEBUG - For 2025-01-15 found 18 windows containing the high
03/02/2025 21:37:42.753 - DEBUG - For 2025-01-15, found 18 windows containing the low
03/02/2025 21:37:42.753 - DEBUG - Computing high and low windows for: 2025-01-16 03:45:00
03/02/2025 21:37:42.816 - DEBUG - For 2025-01-16 found 18 windows containing the high
03/02/2025 21:37:42.817 - DEBUG - For 2025-01-16, found 18 windows containing the low
03/02/2025 21:37:42.818 - DEBUG - Computing high and low windows for: 2025-01-17 03:45:00
03/02/2025 21:37:42.897 - DEBUG - For 2025-01-17 found 18 windows containing the high
03/02/2025 21:37:42.897 - DEBUG - For 2025-01-17, found 18 windows containing the low
03/02/2025 21:37:42.899 - DEBUG - Computing high and low windows for: 2025-01-21 03:45:00
03/02/2025 21:37:42.953 - DEBUG - For 2025-01-21 found 18 windows containing the high
03/02/2025 21:37:42.953 - DEBUG - For 2025-01-21, found 18 windows containing the low
03/02/2025 21:37:42.953 - DEBUG - Computing high and low windows for: 2025-01-22 03:45:00
03/02/2025 21:37:43.025 - DEBUG - For 2025-01-22 found 18 windows containing the high
03/02/2025 21:37:43.026 - DEBUG - For 2025-01-22, found 18 windows containing the low
03/02/2025 21:37:43.027 - DEBUG - Computing high and low windows for: 2025-01-23 03:45:00
03/02/2025 21:37:43.088 - DEBUG - For 2025-01-23 found 18 windows containing the high
03/02/2025 21:37:43.091 - DEBUG - For 2025-01-23, found 18 windows containing the low
03/02/2025 21:37:43.091 - DEBUG - Computing high and low windows for: 2025-01-24 03:45:00
03/02/2025 21:37:43.150 - DEBUG - For 2025-01-24 found 18 windows containing the high
03/02/2025 21:37:43.151 - DEBUG - For 2025-01-24, found 7 windows containing the low
03/02/2025 21:37:43.152 - DEBUG - Computing high and low windows for: 2025-01-27 03:45:00
03/02/2025 21:37:43.234 - DEBUG - For 2025-01-27 found 18 windows containing the high
03/02/2025 21:37:43.235 - DEBUG - For 2025-01-27, found 18 windows containing the low
03/02/2025 21:37:43.235 - DEBUG - Computing high and low windows for: 2025-01-28 03:45:00
03/02/2025 21:37:43.312 - DEBUG - For 2025-01-28 found 36 windows containing the high
03/02/2025 21:37:43.312 - DEBUG - For 2025-01-28, found 18 windows containing the low
03/02/2025 21:37:43.315 - DEBUG - Computing high and low windows for: 2025-01-29 03:45:00
03/02/2025 21:37:43.372 - DEBUG - For 2025-01-29 found 18 windows containing the high
03/02/2025 21:37:43.373 - DEBUG - For 2025-01-29, found 23 windows containing the low
03/02/2025 21:37:43.373 - DEBUG - Computing high and low windows for: 2025-01-30 03:45:00
03/02/2025 21:37:43.445 - DEBUG - For 2025-01-30 found 18 windows containing the high
03/02/2025 21:37:43.446 - DEBUG - For 2025-01-30, found 18 windows containing the low
03/02/2025 21:37:43.447 - DEBUG - Computing high and low windows for: 2025-01-31 03:45:00
03/02/2025 21:37:43.509 - DEBUG - For 2025-01-31 found 18 windows containing the high
03/02/2025 21:37:43.509 - DEBUG - For 2025-01-31, found 18 windows containing the low
03/02/2025 21:37:43.509 - DEBUG - Exporting empirical distributions to csv
